<?xml version="1.0" encoding="UTF-8"?>
<robot generator="Robot 5.0.1 (Python 3.7.5 on win32)" generated="20220622 17:00:24.642" rpa="true" schemaversion="3">
<suite id="s1" name="Tasks" source="c:\Python\robo_repo\web_scraping\tasks.robot">
<test id="s1-t1" name="Store the latest tweets by given user name" line="18">
<kw name="Open Twitter homepage">
<kw name="Open Available Browser" library="RPA.Browser.Selenium">
<arg>https://mobile.twitter.com/${USER_NAME}</arg>
<doc>Attempts to open a browser on the user's device from a set of
supported browsers. Automatically downloads a corresponding webdriver
if none is already installed.</doc>
<msg timestamp="20220622 17:00:25.658" level="INFO">Creating an instance of the Chrome WebDriver.</msg>
<msg timestamp="20220622 17:00:25.744" level="INFO">Created download root directory: C:\Users\LnY\AppData\Local\robocorp\webdrivers</msg>
<msg timestamp="20220622 17:00:25.746" level="INFO">Created symlink directory: C:\Users\LnY\AppData\Local\robocorp\webdrivers</msg>
<msg timestamp="20220622 17:00:25.747" level="INFO">Creating an instance of the Chrome WebDriver.</msg>
<msg timestamp="20220622 17:00:27.516" level="INFO">Created Chrome browser with arguments: --disable-dev-shm-usage --disable-web-security --allow-running-insecure-content --no-sandbox</msg>
<msg timestamp="20220622 17:00:27.516" level="INFO" html="true">&lt;p&gt;Attempted combinations:&lt;/p&gt;&lt;div class="doc"&gt;&lt;table&gt;&lt;tr&gt;&lt;th&gt;Browser&lt;/th&gt;&lt;th&gt;Download&lt;/th&gt;&lt;th&gt;Error&lt;/th&gt;&lt;/tr&gt;&lt;tr&gt;&lt;td&gt;Chrome&lt;/td&gt;&lt;td&gt;False&lt;/td&gt;&lt;td&gt;Message: 'chromedriver' executable needs to be in PATH. Please see https://sites.google.com/a/chromium.org/chromedriver/home
&lt;/td&gt;&lt;/tr&gt;&lt;tr&gt;&lt;td&gt;Chrome&lt;/td&gt;&lt;td&gt;True&lt;/td&gt;&lt;td&gt;&lt;/td&gt;&lt;/tr&gt;&lt;/table&gt;&lt;/div&gt;</msg>
<msg timestamp="20220622 17:00:27.516" level="INFO">Opening url 'https://mobile.twitter.com/RobocorpInc'</msg>
<status status="PASS" starttime="20220622 17:00:25.658" endtime="20220622 17:00:28.631"/>
</kw>
<kw name="Wait Until Element Is Visible" library="RPA.Browser.Selenium">
<arg>css:main</arg>
<doc>Waits until the element ``locator`` is visible.</doc>
<status status="PASS" starttime="20220622 17:00:28.631" endtime="20220622 17:00:29.190"/>
</kw>
<status status="PASS" starttime="20220622 17:00:25.657" endtime="20220622 17:00:29.191"/>
</kw>
<kw name="Hide distracting UI elements">
<kw name="Create List" library="BuiltIn">
<var>@{locators}</var>
<arg>header</arg>
<arg>\#layers &gt; div</arg>
<arg>nav</arg>
<arg>div[data-testid="primaryColumn"] &gt; div &gt; div</arg>
<arg>div[data-testid="sidebarColumn"]</arg>
<arg>div[data-testid="inlinePrompt"]</arg>
<arg>div[data-testid="sheetDialog"]</arg>
<doc>Returns a list containing given items.</doc>
<msg timestamp="20220622 17:00:29.195" level="INFO">@{locators} = [ header | #layers &gt; div | nav | div[data-testid="primaryColumn"] &gt; div &gt; div | div[data-testid="sidebarColumn"] | div[data-testid="inlinePrompt"] | div[data-testid="sheetDialog"] ]</msg>
<status status="PASS" starttime="20220622 17:00:29.194" endtime="20220622 17:00:29.195"/>
</kw>
<kw name="Log" library="BuiltIn">
<arg>==== [${locators}]</arg>
<doc>Logs the given message with the given level.</doc>
<msg timestamp="20220622 17:00:29.196" level="INFO">==== [['header', '#layers &gt; div', 'nav', 'div[data-testid="primaryColumn"] &gt; div &gt; div', 'div[data-testid="sidebarColumn"]', 'div[data-testid="inlinePrompt"]', 'div[data-testid="sheetDialog"]']]</msg>
<status status="PASS" starttime="20220622 17:00:29.195" endtime="20220622 17:00:29.197"/>
</kw>
<for flavor="IN">
<var>${locator}</var>
<value>@{locators}</value>
<iter>
<var name="${locator}">header</var>
<kw name="Log" library="BuiltIn">
<arg>=== [${locator}]</arg>
<doc>Logs the given message with the given level.</doc>
<msg timestamp="20220622 17:00:29.199" level="INFO">=== [header]</msg>
<status status="PASS" starttime="20220622 17:00:29.198" endtime="20220622 17:00:29.200"/>
</kw>
<kw name="Hide element">
<arg>${locator}</arg>
<kw name="Mute Run On Failure" library="RPA.RobotLogListener">
<arg>Execute Javascript</arg>
<doc>Set keywords which should not execute `SeleniumLibrary`
default behaviour of running keyword on failure.</doc>
<kw name="Get Library Instance" library="BuiltIn">
<arg>RPA.Browser</arg>
<doc>Returns the currently active instance of the specified library.</doc>
<msg timestamp="20220622 17:00:29.205" level="FAIL">No library 'RPA.Browser' found.</msg>
<status status="FAIL" starttime="20220622 17:00:29.202" endtime="20220622 17:00:29.212"/>
</kw>
<kw name="Get Library Instance" library="BuiltIn">
<arg>RPA.Browser.Selenium</arg>
<doc>Returns the currently active instance of the specified library.</doc>
<status status="PASS" starttime="20220622 17:00:29.212" endtime="20220622 17:00:29.213"/>
</kw>
<status status="PASS" starttime="20220622 17:00:29.201" endtime="20220622 17:00:29.214"/>
</kw>
<kw name="Run Keyword And Ignore Error" library="BuiltIn">
<arg>Execute Javascript</arg>
<arg>document.querySelector('${locator}').style.display = 'none'</arg>
<doc>Runs the given keyword with the given arguments and ignores possible error.</doc>
<kw name="Execute Javascript" library="RPA.Browser.Selenium">
<arg>document.querySelector('${locator}').style.display = 'none'</arg>
<doc>Executes the given JavaScript code with possible arguments.</doc>
<msg timestamp="20220622 17:00:29.216" level="INFO">No keyword will be run on failure.</msg>
<msg timestamp="20220622 17:00:29.217" level="INFO">Executing JavaScript:
document.querySelector('header').style.display = 'none'
Without any arguments.</msg>
<msg timestamp="20220622 17:00:29.697" level="INFO">Capture Page Screenshot will be run on failure.</msg>
<status status="PASS" starttime="20220622 17:00:29.215" endtime="20220622 17:00:29.696"/>
</kw>
<status status="PASS" starttime="20220622 17:00:29.214" endtime="20220622 17:00:29.697"/>
</kw>
<status status="PASS" starttime="20220622 17:00:29.200" endtime="20220622 17:00:29.698"/>
</kw>
<status status="PASS" starttime="20220622 17:00:29.198" endtime="20220622 17:00:29.698"/>
</iter>
<iter>
<var name="${locator}">#layers &gt; div</var>
<kw name="Log" library="BuiltIn">
<arg>=== [${locator}]</arg>
<doc>Logs the given message with the given level.</doc>
<msg timestamp="20220622 17:00:29.700" level="INFO">=== [#layers &gt; div]</msg>
<status status="PASS" starttime="20220622 17:00:29.699" endtime="20220622 17:00:29.700"/>
</kw>
<kw name="Hide element">
<arg>${locator}</arg>
<kw name="Mute Run On Failure" library="RPA.RobotLogListener">
<arg>Execute Javascript</arg>
<doc>Set keywords which should not execute `SeleniumLibrary`
default behaviour of running keyword on failure.</doc>
<kw name="Get Library Instance" library="BuiltIn">
<arg>RPA.Browser</arg>
<doc>Returns the currently active instance of the specified library.</doc>
<msg timestamp="20220622 17:00:29.706" level="FAIL">No library 'RPA.Browser' found.</msg>
<status status="FAIL" starttime="20220622 17:00:29.703" endtime="20220622 17:00:29.708"/>
</kw>
<kw name="Get Library Instance" library="BuiltIn">
<arg>RPA.Browser.Selenium</arg>
<doc>Returns the currently active instance of the specified library.</doc>
<status status="PASS" starttime="20220622 17:00:29.709" endtime="20220622 17:00:29.710"/>
</kw>
<status status="PASS" starttime="20220622 17:00:29.702" endtime="20220622 17:00:29.711"/>
</kw>
<kw name="Run Keyword And Ignore Error" library="BuiltIn">
<arg>Execute Javascript</arg>
<arg>document.querySelector('${locator}').style.display = 'none'</arg>
<doc>Runs the given keyword with the given arguments and ignores possible error.</doc>
<kw name="Execute Javascript" library="RPA.Browser.Selenium">
<arg>document.querySelector('${locator}').style.display = 'none'</arg>
<doc>Executes the given JavaScript code with possible arguments.</doc>
<msg timestamp="20220622 17:00:29.712" level="INFO">No keyword will be run on failure.</msg>
<msg timestamp="20220622 17:00:29.713" level="INFO">No keyword will be run on failure.</msg>
<msg timestamp="20220622 17:00:29.714" level="INFO">Executing JavaScript:
document.querySelector('#layers &gt; div').style.display = 'none'
Without any arguments.</msg>
<status status="PASS" starttime="20220622 17:00:29.712" endtime="20220622 17:00:29.767"/>
</kw>
<status status="PASS" starttime="20220622 17:00:29.711" endtime="20220622 17:00:29.767"/>
</kw>
<status status="PASS" starttime="20220622 17:00:29.701" endtime="20220622 17:00:29.768"/>
</kw>
<status status="PASS" starttime="20220622 17:00:29.699" endtime="20220622 17:00:29.768"/>
</iter>
<iter>
<var name="${locator}">nav</var>
<kw name="Log" library="BuiltIn">
<arg>=== [${locator}]</arg>
<doc>Logs the given message with the given level.</doc>
<msg timestamp="20220622 17:00:29.770" level="INFO">=== [nav]</msg>
<status status="PASS" starttime="20220622 17:00:29.769" endtime="20220622 17:00:29.770"/>
</kw>
<kw name="Hide element">
<arg>${locator}</arg>
<kw name="Mute Run On Failure" library="RPA.RobotLogListener">
<arg>Execute Javascript</arg>
<doc>Set keywords which should not execute `SeleniumLibrary`
default behaviour of running keyword on failure.</doc>
<kw name="Get Library Instance" library="BuiltIn">
<arg>RPA.Browser</arg>
<doc>Returns the currently active instance of the specified library.</doc>
<msg timestamp="20220622 17:00:29.775" level="FAIL">No library 'RPA.Browser' found.</msg>
<status status="FAIL" starttime="20220622 17:00:29.771" endtime="20220622 17:00:29.776"/>
</kw>
<kw name="Get Library Instance" library="BuiltIn">
<arg>RPA.Browser.Selenium</arg>
<doc>Returns the currently active instance of the specified library.</doc>
<status status="PASS" starttime="20220622 17:00:29.776" endtime="20220622 17:00:29.777"/>
</kw>
<status status="PASS" starttime="20220622 17:00:29.771" endtime="20220622 17:00:29.778"/>
</kw>
<kw name="Run Keyword And Ignore Error" library="BuiltIn">
<arg>Execute Javascript</arg>
<arg>document.querySelector('${locator}').style.display = 'none'</arg>
<doc>Runs the given keyword with the given arguments and ignores possible error.</doc>
<kw name="Execute Javascript" library="RPA.Browser.Selenium">
<arg>document.querySelector('${locator}').style.display = 'none'</arg>
<doc>Executes the given JavaScript code with possible arguments.</doc>
<msg timestamp="20220622 17:00:29.780" level="INFO">No keyword will be run on failure.</msg>
<msg timestamp="20220622 17:00:29.780" level="INFO">No keyword will be run on failure.</msg>
<msg timestamp="20220622 17:00:29.780" level="INFO">No keyword will be run on failure.</msg>
<msg timestamp="20220622 17:00:29.782" level="INFO">Executing JavaScript:
document.querySelector('nav').style.display = 'none'
Without any arguments.</msg>
<status status="PASS" starttime="20220622 17:00:29.779" endtime="20220622 17:00:29.802"/>
</kw>
<status status="PASS" starttime="20220622 17:00:29.778" endtime="20220622 17:00:29.802"/>
</kw>
<status status="PASS" starttime="20220622 17:00:29.771" endtime="20220622 17:00:29.803"/>
</kw>
<status status="PASS" starttime="20220622 17:00:29.769" endtime="20220622 17:00:29.803"/>
</iter>
<iter>
<var name="${locator}">div[data-testid="primaryColumn"] &gt; div &gt; div</var>
<kw name="Log" library="BuiltIn">
<arg>=== [${locator}]</arg>
<doc>Logs the given message with the given level.</doc>
<msg timestamp="20220622 17:00:29.804" level="INFO">=== [div[data-testid="primaryColumn"] &gt; div &gt; div]</msg>
<status status="PASS" starttime="20220622 17:00:29.803" endtime="20220622 17:00:29.804"/>
</kw>
<kw name="Hide element">
<arg>${locator}</arg>
<kw name="Mute Run On Failure" library="RPA.RobotLogListener">
<arg>Execute Javascript</arg>
<doc>Set keywords which should not execute `SeleniumLibrary`
default behaviour of running keyword on failure.</doc>
<kw name="Get Library Instance" library="BuiltIn">
<arg>RPA.Browser</arg>
<doc>Returns the currently active instance of the specified library.</doc>
<msg timestamp="20220622 17:00:29.810" level="FAIL">No library 'RPA.Browser' found.</msg>
<status status="FAIL" starttime="20220622 17:00:29.807" endtime="20220622 17:00:29.811"/>
</kw>
<kw name="Get Library Instance" library="BuiltIn">
<arg>RPA.Browser.Selenium</arg>
<doc>Returns the currently active instance of the specified library.</doc>
<status status="PASS" starttime="20220622 17:00:29.811" endtime="20220622 17:00:29.812"/>
</kw>
<status status="PASS" starttime="20220622 17:00:29.805" endtime="20220622 17:00:29.812"/>
</kw>
<kw name="Run Keyword And Ignore Error" library="BuiltIn">
<arg>Execute Javascript</arg>
<arg>document.querySelector('${locator}').style.display = 'none'</arg>
<doc>Runs the given keyword with the given arguments and ignores possible error.</doc>
<kw name="Execute Javascript" library="RPA.Browser.Selenium">
<arg>document.querySelector('${locator}').style.display = 'none'</arg>
<doc>Executes the given JavaScript code with possible arguments.</doc>
<msg timestamp="20220622 17:00:29.814" level="INFO">No keyword will be run on failure.</msg>
<msg timestamp="20220622 17:00:29.814" level="INFO">No keyword will be run on failure.</msg>
<msg timestamp="20220622 17:00:29.814" level="INFO">No keyword will be run on failure.</msg>
<msg timestamp="20220622 17:00:29.814" level="INFO">No keyword will be run on failure.</msg>
<msg timestamp="20220622 17:00:29.816" level="INFO">Executing JavaScript:
document.querySelector('div[data-testid="primaryColumn"] &gt; div &gt; div').style.display = 'none'
Without any arguments.</msg>
<status status="PASS" starttime="20220622 17:00:29.814" endtime="20220622 17:00:29.835"/>
</kw>
<status status="PASS" starttime="20220622 17:00:29.813" endtime="20220622 17:00:29.836"/>
</kw>
<status status="PASS" starttime="20220622 17:00:29.804" endtime="20220622 17:00:29.837"/>
</kw>
<status status="PASS" starttime="20220622 17:00:29.803" endtime="20220622 17:00:29.837"/>
</iter>
<iter>
<var name="${locator}">div[data-testid="sidebarColumn"]</var>
<kw name="Log" library="BuiltIn">
<arg>=== [${locator}]</arg>
<doc>Logs the given message with the given level.</doc>
<msg timestamp="20220622 17:00:29.844" level="INFO">=== [div[data-testid="sidebarColumn"]]</msg>
<status status="PASS" starttime="20220622 17:00:29.843" endtime="20220622 17:00:29.845"/>
</kw>
<kw name="Hide element">
<arg>${locator}</arg>
<kw name="Mute Run On Failure" library="RPA.RobotLogListener">
<arg>Execute Javascript</arg>
<doc>Set keywords which should not execute `SeleniumLibrary`
default behaviour of running keyword on failure.</doc>
<kw name="Get Library Instance" library="BuiltIn">
<arg>RPA.Browser</arg>
<doc>Returns the currently active instance of the specified library.</doc>
<msg timestamp="20220622 17:00:29.848" level="FAIL">No library 'RPA.Browser' found.</msg>
<status status="FAIL" starttime="20220622 17:00:29.848" endtime="20220622 17:00:29.849"/>
</kw>
<kw name="Get Library Instance" library="BuiltIn">
<arg>RPA.Browser.Selenium</arg>
<doc>Returns the currently active instance of the specified library.</doc>
<status status="PASS" starttime="20220622 17:00:29.850" endtime="20220622 17:00:29.850"/>
</kw>
<status status="PASS" starttime="20220622 17:00:29.847" endtime="20220622 17:00:29.851"/>
</kw>
<kw name="Run Keyword And Ignore Error" library="BuiltIn">
<arg>Execute Javascript</arg>
<arg>document.querySelector('${locator}').style.display = 'none'</arg>
<doc>Runs the given keyword with the given arguments and ignores possible error.</doc>
<kw name="Execute Javascript" library="RPA.Browser.Selenium">
<arg>document.querySelector('${locator}').style.display = 'none'</arg>
<doc>Executes the given JavaScript code with possible arguments.</doc>
<msg timestamp="20220622 17:00:29.852" level="INFO">No keyword will be run on failure.</msg>
<msg timestamp="20220622 17:00:29.852" level="INFO">No keyword will be run on failure.</msg>
<msg timestamp="20220622 17:00:29.852" level="INFO">No keyword will be run on failure.</msg>
<msg timestamp="20220622 17:00:29.852" level="INFO">No keyword will be run on failure.</msg>
<msg timestamp="20220622 17:00:29.852" level="INFO">No keyword will be run on failure.</msg>
<msg timestamp="20220622 17:00:29.852" level="INFO">Executing JavaScript:
document.querySelector('div[data-testid="sidebarColumn"]').style.display = 'none'
Without any arguments.</msg>
<msg timestamp="20220622 17:00:29.863" level="FAIL">JavascriptException: Message: javascript error: Cannot read properties of null (reading 'style')
  (Session info: chrome=102.0.5005.115)
</msg>
<status status="FAIL" starttime="20220622 17:00:29.851" endtime="20220622 17:00:29.867"/>
</kw>
<status status="PASS" starttime="20220622 17:00:29.851" endtime="20220622 17:00:29.867"/>
</kw>
<status status="PASS" starttime="20220622 17:00:29.845" endtime="20220622 17:00:29.868"/>
</kw>
<status status="PASS" starttime="20220622 17:00:29.843" endtime="20220622 17:00:29.868"/>
</iter>
<iter>
<var name="${locator}">div[data-testid="inlinePrompt"]</var>
<kw name="Log" library="BuiltIn">
<arg>=== [${locator}]</arg>
<doc>Logs the given message with the given level.</doc>
<msg timestamp="20220622 17:00:29.869" level="INFO">=== [div[data-testid="inlinePrompt"]]</msg>
<status status="PASS" starttime="20220622 17:00:29.869" endtime="20220622 17:00:29.869"/>
</kw>
<kw name="Hide element">
<arg>${locator}</arg>
<kw name="Mute Run On Failure" library="RPA.RobotLogListener">
<arg>Execute Javascript</arg>
<doc>Set keywords which should not execute `SeleniumLibrary`
default behaviour of running keyword on failure.</doc>
<kw name="Get Library Instance" library="BuiltIn">
<arg>RPA.Browser</arg>
<doc>Returns the currently active instance of the specified library.</doc>
<msg timestamp="20220622 17:00:29.871" level="FAIL">No library 'RPA.Browser' found.</msg>
<status status="FAIL" starttime="20220622 17:00:29.870" endtime="20220622 17:00:29.871"/>
</kw>
<kw name="Get Library Instance" library="BuiltIn">
<arg>RPA.Browser.Selenium</arg>
<doc>Returns the currently active instance of the specified library.</doc>
<status status="PASS" starttime="20220622 17:00:29.876" endtime="20220622 17:00:29.876"/>
</kw>
<status status="PASS" starttime="20220622 17:00:29.870" endtime="20220622 17:00:29.876"/>
</kw>
<kw name="Run Keyword And Ignore Error" library="BuiltIn">
<arg>Execute Javascript</arg>
<arg>document.querySelector('${locator}').style.display = 'none'</arg>
<doc>Runs the given keyword with the given arguments and ignores possible error.</doc>
<kw name="Execute Javascript" library="RPA.Browser.Selenium">
<arg>document.querySelector('${locator}').style.display = 'none'</arg>
<doc>Executes the given JavaScript code with possible arguments.</doc>
<msg timestamp="20220622 17:00:29.877" level="INFO">No keyword will be run on failure.</msg>
<msg timestamp="20220622 17:00:29.877" level="INFO">No keyword will be run on failure.</msg>
<msg timestamp="20220622 17:00:29.877" level="INFO">No keyword will be run on failure.</msg>
<msg timestamp="20220622 17:00:29.877" level="INFO">No keyword will be run on failure.</msg>
<msg timestamp="20220622 17:00:29.877" level="INFO">No keyword will be run on failure.</msg>
<msg timestamp="20220622 17:00:29.877" level="INFO">No keyword will be run on failure.</msg>
<msg timestamp="20220622 17:00:29.878" level="INFO">Executing JavaScript:
document.querySelector('div[data-testid="inlinePrompt"]').style.display = 'none'
Without any arguments.</msg>
<msg timestamp="20220622 17:00:29.885" level="FAIL">JavascriptException: Message: javascript error: Cannot read properties of null (reading 'style')
  (Session info: chrome=102.0.5005.115)
</msg>
<status status="FAIL" starttime="20220622 17:00:29.877" endtime="20220622 17:00:29.886"/>
</kw>
<status status="PASS" starttime="20220622 17:00:29.877" endtime="20220622 17:00:29.886"/>
</kw>
<status status="PASS" starttime="20220622 17:00:29.870" endtime="20220622 17:00:29.887"/>
</kw>
<status status="PASS" starttime="20220622 17:00:29.869" endtime="20220622 17:00:29.887"/>
</iter>
<iter>
<var name="${locator}">div[data-testid="sheetDialog"]</var>
<kw name="Log" library="BuiltIn">
<arg>=== [${locator}]</arg>
<doc>Logs the given message with the given level.</doc>
<msg timestamp="20220622 17:00:29.891" level="INFO">=== [div[data-testid="sheetDialog"]]</msg>
<status status="PASS" starttime="20220622 17:00:29.888" endtime="20220622 17:00:29.891"/>
</kw>
<kw name="Hide element">
<arg>${locator}</arg>
<kw name="Mute Run On Failure" library="RPA.RobotLogListener">
<arg>Execute Javascript</arg>
<doc>Set keywords which should not execute `SeleniumLibrary`
default behaviour of running keyword on failure.</doc>
<kw name="Get Library Instance" library="BuiltIn">
<arg>RPA.Browser</arg>
<doc>Returns the currently active instance of the specified library.</doc>
<msg timestamp="20220622 17:00:29.894" level="FAIL">No library 'RPA.Browser' found.</msg>
<status status="FAIL" starttime="20220622 17:00:29.893" endtime="20220622 17:00:29.895"/>
</kw>
<kw name="Get Library Instance" library="BuiltIn">
<arg>RPA.Browser.Selenium</arg>
<doc>Returns the currently active instance of the specified library.</doc>
<status status="PASS" starttime="20220622 17:00:29.895" endtime="20220622 17:00:29.896"/>
</kw>
<status status="PASS" starttime="20220622 17:00:29.893" endtime="20220622 17:00:29.896"/>
</kw>
<kw name="Run Keyword And Ignore Error" library="BuiltIn">
<arg>Execute Javascript</arg>
<arg>document.querySelector('${locator}').style.display = 'none'</arg>
<doc>Runs the given keyword with the given arguments and ignores possible error.</doc>
<kw name="Execute Javascript" library="RPA.Browser.Selenium">
<arg>document.querySelector('${locator}').style.display = 'none'</arg>
<doc>Executes the given JavaScript code with possible arguments.</doc>
<msg timestamp="20220622 17:00:29.897" level="INFO">No keyword will be run on failure.</msg>
<msg timestamp="20220622 17:00:29.897" level="INFO">No keyword will be run on failure.</msg>
<msg timestamp="20220622 17:00:29.897" level="INFO">No keyword will be run on failure.</msg>
<msg timestamp="20220622 17:00:29.897" level="INFO">No keyword will be run on failure.</msg>
<msg timestamp="20220622 17:00:29.897" level="INFO">No keyword will be run on failure.</msg>
<msg timestamp="20220622 17:00:29.897" level="INFO">No keyword will be run on failure.</msg>
<msg timestamp="20220622 17:00:29.897" level="INFO">No keyword will be run on failure.</msg>
<msg timestamp="20220622 17:00:29.898" level="INFO">Executing JavaScript:
document.querySelector('div[data-testid="sheetDialog"]').style.display = 'none'
Without any arguments.</msg>
<msg timestamp="20220622 17:00:29.903" level="FAIL">JavascriptException: Message: javascript error: Cannot read properties of null (reading 'style')
  (Session info: chrome=102.0.5005.115)
</msg>
<status status="FAIL" starttime="20220622 17:00:29.897" endtime="20220622 17:00:29.904"/>
</kw>
<status status="PASS" starttime="20220622 17:00:29.897" endtime="20220622 17:00:29.904"/>
</kw>
<status status="PASS" starttime="20220622 17:00:29.891" endtime="20220622 17:00:29.905"/>
</kw>
<status status="PASS" starttime="20220622 17:00:29.887" endtime="20220622 17:00:29.905"/>
</iter>
<status status="PASS" starttime="20220622 17:00:29.197" endtime="20220622 17:00:29.905"/>
</for>
<status status="PASS" starttime="20220622 17:00:29.193" endtime="20220622 17:00:29.907"/>
</kw>
<kw name="Scroll down to load dynamic content">
<for flavor="IN RANGE">
<var>${pixels}</var>
<value>200</value>
<value>2000</value>
<value>200</value>
<iter>
<var name="${pixels}">200</var>
<kw name="Execute Javascript" library="RPA.Browser.Selenium">
<arg>window.scrollBy(0, ${pixels})</arg>
<doc>Executes the given JavaScript code with possible arguments.</doc>
<msg timestamp="20220622 17:00:29.911" level="INFO">No keyword will be run on failure.</msg>
<msg timestamp="20220622 17:00:29.911" level="INFO">No keyword will be run on failure.</msg>
<msg timestamp="20220622 17:00:29.911" level="INFO">No keyword will be run on failure.</msg>
<msg timestamp="20220622 17:00:29.911" level="INFO">No keyword will be run on failure.</msg>
<msg timestamp="20220622 17:00:29.911" level="INFO">No keyword will be run on failure.</msg>
<msg timestamp="20220622 17:00:29.911" level="INFO">No keyword will be run on failure.</msg>
<msg timestamp="20220622 17:00:29.911" level="INFO">No keyword will be run on failure.</msg>
<msg timestamp="20220622 17:00:29.912" level="INFO">Executing JavaScript:
window.scrollBy(0, 200)
Without any arguments.</msg>
<status status="PASS" starttime="20220622 17:00:29.910" endtime="20220622 17:00:29.916"/>
</kw>
<kw name="Sleep" library="BuiltIn">
<arg>500ms</arg>
<doc>Pauses the test executed for the given time.</doc>
<msg timestamp="20220622 17:00:30.420" level="INFO">Slept 500 milliseconds</msg>
<status status="PASS" starttime="20220622 17:00:29.916" endtime="20220622 17:00:30.420"/>
</kw>
<kw name="Hide distracting UI elements">
<kw name="Create List" library="BuiltIn">
<var>@{locators}</var>
<arg>header</arg>
<arg>\#layers &gt; div</arg>
<arg>nav</arg>
<arg>div[data-testid="primaryColumn"] &gt; div &gt; div</arg>
<arg>div[data-testid="sidebarColumn"]</arg>
<arg>div[data-testid="inlinePrompt"]</arg>
<arg>div[data-testid="sheetDialog"]</arg>
<doc>Returns a list containing given items.</doc>
<msg timestamp="20220622 17:00:30.421" level="INFO">@{locators} = [ header | #layers &gt; div | nav | div[data-testid="primaryColumn"] &gt; div &gt; div | div[data-testid="sidebarColumn"] | div[data-testid="inlinePrompt"] | div[data-testid="sheetDialog"] ]</msg>
<status status="PASS" starttime="20220622 17:00:30.421" endtime="20220622 17:00:30.421"/>
</kw>
<kw name="Log" library="BuiltIn">
<arg>==== [${locators}]</arg>
<doc>Logs the given message with the given level.</doc>
<msg timestamp="20220622 17:00:30.422" level="INFO">==== [['header', '#layers &gt; div', 'nav', 'div[data-testid="primaryColumn"] &gt; div &gt; div', 'div[data-testid="sidebarColumn"]', 'div[data-testid="inlinePrompt"]', 'div[data-testid="sheetDialog"]']]</msg>
<status status="PASS" starttime="20220622 17:00:30.422" endtime="20220622 17:00:30.422"/>
</kw>
<for flavor="IN">
<var>${locator}</var>
<value>@{locators}</value>
<iter>
<var name="${locator}">header</var>
<kw name="Log" library="BuiltIn">
<arg>=== [${locator}]</arg>
<doc>Logs the given message with the given level.</doc>
<msg timestamp="20220622 17:00:30.425" level="INFO">=== [header]</msg>
<status status="PASS" starttime="20220622 17:00:30.425" endtime="20220622 17:00:30.425"/>
</kw>
<kw name="Hide element">
<arg>${locator}</arg>
<kw name="Mute Run On Failure" library="RPA.RobotLogListener">
<arg>Execute Javascript</arg>
<doc>Set keywords which should not execute `SeleniumLibrary`
default behaviour of running keyword on failure.</doc>
<kw name="Get Library Instance" library="BuiltIn">
<arg>RPA.Browser</arg>
<doc>Returns the currently active instance of the specified library.</doc>
<msg timestamp="20220622 17:00:30.428" level="FAIL">No library 'RPA.Browser' found.</msg>
<status status="FAIL" starttime="20220622 17:00:30.427" endtime="20220622 17:00:30.428"/>
</kw>
<kw name="Get Library Instance" library="BuiltIn">
<arg>RPA.Browser.Selenium</arg>
<doc>Returns the currently active instance of the specified library.</doc>
<status status="PASS" starttime="20220622 17:00:30.429" endtime="20220622 17:00:30.430"/>
</kw>
<status status="PASS" starttime="20220622 17:00:30.426" endtime="20220622 17:00:30.430"/>
</kw>
<kw name="Run Keyword And Ignore Error" library="BuiltIn">
<arg>Execute Javascript</arg>
<arg>document.querySelector('${locator}').style.display = 'none'</arg>
<doc>Runs the given keyword with the given arguments and ignores possible error.</doc>
<kw name="Execute Javascript" library="RPA.Browser.Selenium">
<arg>document.querySelector('${locator}').style.display = 'none'</arg>
<doc>Executes the given JavaScript code with possible arguments.</doc>
<msg timestamp="20220622 17:00:30.433" level="INFO">No keyword will be run on failure.</msg>
<msg timestamp="20220622 17:00:30.433" level="INFO">No keyword will be run on failure.</msg>
<msg timestamp="20220622 17:00:30.433" level="INFO">No keyword will be run on failure.</msg>
<msg timestamp="20220622 17:00:30.433" level="INFO">No keyword will be run on failure.</msg>
<msg timestamp="20220622 17:00:30.433" level="INFO">No keyword will be run on failure.</msg>
<msg timestamp="20220622 17:00:30.433" level="INFO">No keyword will be run on failure.</msg>
<msg timestamp="20220622 17:00:30.433" level="INFO">No keyword will be run on failure.</msg>
<msg timestamp="20220622 17:00:30.433" level="INFO">No keyword will be run on failure.</msg>
<msg timestamp="20220622 17:00:30.434" level="INFO">Executing JavaScript:
document.querySelector('header').style.display = 'none'
Without any arguments.</msg>
<status status="PASS" starttime="20220622 17:00:30.432" endtime="20220622 17:00:30.538"/>
</kw>
<status status="PASS" starttime="20220622 17:00:30.431" endtime="20220622 17:00:30.541"/>
</kw>
<status status="PASS" starttime="20220622 17:00:30.426" endtime="20220622 17:00:30.541"/>
</kw>
<status status="PASS" starttime="20220622 17:00:30.422" endtime="20220622 17:00:30.541"/>
</iter>
<iter>
<var name="${locator}">#layers &gt; div</var>
<kw name="Log" library="BuiltIn">
<arg>=== [${locator}]</arg>
<doc>Logs the given message with the given level.</doc>
<msg timestamp="20220622 17:00:30.544" level="INFO">=== [#layers &gt; div]</msg>
<status status="PASS" starttime="20220622 17:00:30.543" endtime="20220622 17:00:30.544"/>
</kw>
<kw name="Hide element">
<arg>${locator}</arg>
<kw name="Mute Run On Failure" library="RPA.RobotLogListener">
<arg>Execute Javascript</arg>
<doc>Set keywords which should not execute `SeleniumLibrary`
default behaviour of running keyword on failure.</doc>
<kw name="Get Library Instance" library="BuiltIn">
<arg>RPA.Browser</arg>
<doc>Returns the currently active instance of the specified library.</doc>
<msg timestamp="20220622 17:00:30.548" level="FAIL">No library 'RPA.Browser' found.</msg>
<status status="FAIL" starttime="20220622 17:00:30.547" endtime="20220622 17:00:30.549"/>
</kw>
<kw name="Get Library Instance" library="BuiltIn">
<arg>RPA.Browser.Selenium</arg>
<doc>Returns the currently active instance of the specified library.</doc>
<status status="PASS" starttime="20220622 17:00:30.550" endtime="20220622 17:00:30.551"/>
</kw>
<status status="PASS" starttime="20220622 17:00:30.546" endtime="20220622 17:00:30.551"/>
</kw>
<kw name="Run Keyword And Ignore Error" library="BuiltIn">
<arg>Execute Javascript</arg>
<arg>document.querySelector('${locator}').style.display = 'none'</arg>
<doc>Runs the given keyword with the given arguments and ignores possible error.</doc>
<kw name="Execute Javascript" library="RPA.Browser.Selenium">
<arg>document.querySelector('${locator}').style.display = 'none'</arg>
<doc>Executes the given JavaScript code with possible arguments.</doc>
<msg timestamp="20220622 17:00:30.554" level="INFO">No keyword will be run on failure.</msg>
<msg timestamp="20220622 17:00:30.554" level="INFO">No keyword will be run on failure.</msg>
<msg timestamp="20220622 17:00:30.554" level="INFO">No keyword will be run on failure.</msg>
<msg timestamp="20220622 17:00:30.554" level="INFO">No keyword will be run on failure.</msg>
<msg timestamp="20220622 17:00:30.554" level="INFO">No keyword will be run on failure.</msg>
<msg timestamp="20220622 17:00:30.554" level="INFO">No keyword will be run on failure.</msg>
<msg timestamp="20220622 17:00:30.554" level="INFO">No keyword will be run on failure.</msg>
<msg timestamp="20220622 17:00:30.554" level="INFO">No keyword will be run on failure.</msg>
<msg timestamp="20220622 17:00:30.554" level="INFO">No keyword will be run on failure.</msg>
<msg timestamp="20220622 17:00:30.557" level="INFO">Executing JavaScript:
document.querySelector('#layers &gt; div').style.display = 'none'
Without any arguments.</msg>
<status status="PASS" starttime="20220622 17:00:30.553" endtime="20220622 17:00:30.611"/>
</kw>
<status status="PASS" starttime="20220622 17:00:30.552" endtime="20220622 17:00:30.612"/>
</kw>
<status status="PASS" starttime="20220622 17:00:30.545" endtime="20220622 17:00:30.612"/>
</kw>
<status status="PASS" starttime="20220622 17:00:30.542" endtime="20220622 17:00:30.612"/>
</iter>
<iter>
<var name="${locator}">nav</var>
<kw name="Log" library="BuiltIn">
<arg>=== [${locator}]</arg>
<doc>Logs the given message with the given level.</doc>
<msg timestamp="20220622 17:00:30.613" level="INFO">=== [nav]</msg>
<status status="PASS" starttime="20220622 17:00:30.613" endtime="20220622 17:00:30.613"/>
</kw>
<kw name="Hide element">
<arg>${locator}</arg>
<kw name="Mute Run On Failure" library="RPA.RobotLogListener">
<arg>Execute Javascript</arg>
<doc>Set keywords which should not execute `SeleniumLibrary`
default behaviour of running keyword on failure.</doc>
<kw name="Get Library Instance" library="BuiltIn">
<arg>RPA.Browser</arg>
<doc>Returns the currently active instance of the specified library.</doc>
<msg timestamp="20220622 17:00:30.616" level="FAIL">No library 'RPA.Browser' found.</msg>
<status status="FAIL" starttime="20220622 17:00:30.615" endtime="20220622 17:00:30.617"/>
</kw>
<kw name="Get Library Instance" library="BuiltIn">
<arg>RPA.Browser.Selenium</arg>
<doc>Returns the currently active instance of the specified library.</doc>
<status status="PASS" starttime="20220622 17:00:30.617" endtime="20220622 17:00:30.618"/>
</kw>
<status status="PASS" starttime="20220622 17:00:30.614" endtime="20220622 17:00:30.618"/>
</kw>
<kw name="Run Keyword And Ignore Error" library="BuiltIn">
<arg>Execute Javascript</arg>
<arg>document.querySelector('${locator}').style.display = 'none'</arg>
<doc>Runs the given keyword with the given arguments and ignores possible error.</doc>
<kw name="Execute Javascript" library="RPA.Browser.Selenium">
<arg>document.querySelector('${locator}').style.display = 'none'</arg>
<doc>Executes the given JavaScript code with possible arguments.</doc>
<msg timestamp="20220622 17:00:30.619" level="INFO">No keyword will be run on failure.</msg>
<msg timestamp="20220622 17:00:30.620" level="INFO">No keyword will be run on failure.</msg>
<msg timestamp="20220622 17:00:30.620" level="INFO">No keyword will be run on failure.</msg>
<msg timestamp="20220622 17:00:30.620" level="INFO">No keyword will be run on failure.</msg>
<msg timestamp="20220622 17:00:30.620" level="INFO">No keyword will be run on failure.</msg>
<msg timestamp="20220622 17:00:30.620" level="INFO">No keyword will be run on failure.</msg>
<msg timestamp="20220622 17:00:30.620" level="INFO">No keyword will be run on failure.</msg>
<msg timestamp="20220622 17:00:30.620" level="INFO">No keyword will be run on failure.</msg>
<msg timestamp="20220622 17:00:30.620" level="INFO">No keyword will be run on failure.</msg>
<msg timestamp="20220622 17:00:30.620" level="INFO">No keyword will be run on failure.</msg>
<msg timestamp="20220622 17:00:30.622" level="INFO">Executing JavaScript:
document.querySelector('nav').style.display = 'none'
Without any arguments.</msg>
<status status="PASS" starttime="20220622 17:00:30.619" endtime="20220622 17:00:30.628"/>
</kw>
<status status="PASS" starttime="20220622 17:00:30.619" endtime="20220622 17:00:30.629"/>
</kw>
<status status="PASS" starttime="20220622 17:00:30.614" endtime="20220622 17:00:30.629"/>
</kw>
<status status="PASS" starttime="20220622 17:00:30.613" endtime="20220622 17:00:30.629"/>
</iter>
<iter>
<var name="${locator}">div[data-testid="primaryColumn"] &gt; div &gt; div</var>
<kw name="Log" library="BuiltIn">
<arg>=== [${locator}]</arg>
<doc>Logs the given message with the given level.</doc>
<msg timestamp="20220622 17:00:30.630" level="INFO">=== [div[data-testid="primaryColumn"] &gt; div &gt; div]</msg>
<status status="PASS" starttime="20220622 17:00:30.629" endtime="20220622 17:00:30.630"/>
</kw>
<kw name="Hide element">
<arg>${locator}</arg>
<kw name="Mute Run On Failure" library="RPA.RobotLogListener">
<arg>Execute Javascript</arg>
<doc>Set keywords which should not execute `SeleniumLibrary`
default behaviour of running keyword on failure.</doc>
<kw name="Get Library Instance" library="BuiltIn">
<arg>RPA.Browser</arg>
<doc>Returns the currently active instance of the specified library.</doc>
<msg timestamp="20220622 17:00:30.632" level="FAIL">No library 'RPA.Browser' found.</msg>
<status status="FAIL" starttime="20220622 17:00:30.632" endtime="20220622 17:00:30.633"/>
</kw>
<kw name="Get Library Instance" library="BuiltIn">
<arg>RPA.Browser.Selenium</arg>
<doc>Returns the currently active instance of the specified library.</doc>
<status status="PASS" starttime="20220622 17:00:30.633" endtime="20220622 17:00:30.634"/>
</kw>
<status status="PASS" starttime="20220622 17:00:30.631" endtime="20220622 17:00:30.634"/>
</kw>
<kw name="Run Keyword And Ignore Error" library="BuiltIn">
<arg>Execute Javascript</arg>
<arg>document.querySelector('${locator}').style.display = 'none'</arg>
<doc>Runs the given keyword with the given arguments and ignores possible error.</doc>
<kw name="Execute Javascript" library="RPA.Browser.Selenium">
<arg>document.querySelector('${locator}').style.display = 'none'</arg>
<doc>Executes the given JavaScript code with possible arguments.</doc>
<msg timestamp="20220622 17:00:30.634" level="INFO">No keyword will be run on failure.</msg>
<msg timestamp="20220622 17:00:30.634" level="INFO">No keyword will be run on failure.</msg>
<msg timestamp="20220622 17:00:30.634" level="INFO">No keyword will be run on failure.</msg>
<msg timestamp="20220622 17:00:30.634" level="INFO">No keyword will be run on failure.</msg>
<msg timestamp="20220622 17:00:30.635" level="INFO">No keyword will be run on failure.</msg>
<msg timestamp="20220622 17:00:30.635" level="INFO">No keyword will be run on failure.</msg>
<msg timestamp="20220622 17:00:30.635" level="INFO">No keyword will be run on failure.</msg>
<msg timestamp="20220622 17:00:30.635" level="INFO">No keyword will be run on failure.</msg>
<msg timestamp="20220622 17:00:30.635" level="INFO">No keyword will be run on failure.</msg>
<msg timestamp="20220622 17:00:30.635" level="INFO">No keyword will be run on failure.</msg>
<msg timestamp="20220622 17:00:30.635" level="INFO">No keyword will be run on failure.</msg>
<msg timestamp="20220622 17:00:30.635" level="INFO">Executing JavaScript:
document.querySelector('div[data-testid="primaryColumn"] &gt; div &gt; div').style.display = 'none'
Without any arguments.</msg>
<status status="PASS" starttime="20220622 17:00:30.634" endtime="20220622 17:00:30.640"/>
</kw>
<status status="PASS" starttime="20220622 17:00:30.634" endtime="20220622 17:00:30.641"/>
</kw>
<status status="PASS" starttime="20220622 17:00:30.630" endtime="20220622 17:00:30.641"/>
</kw>
<status status="PASS" starttime="20220622 17:00:30.629" endtime="20220622 17:00:30.641"/>
</iter>
<iter>
<var name="${locator}">div[data-testid="sidebarColumn"]</var>
<kw name="Log" library="BuiltIn">
<arg>=== [${locator}]</arg>
<doc>Logs the given message with the given level.</doc>
<msg timestamp="20220622 17:00:30.643" level="INFO">=== [div[data-testid="sidebarColumn"]]</msg>
<status status="PASS" starttime="20220622 17:00:30.642" endtime="20220622 17:00:30.644"/>
</kw>
<kw name="Hide element">
<arg>${locator}</arg>
<kw name="Mute Run On Failure" library="RPA.RobotLogListener">
<arg>Execute Javascript</arg>
<doc>Set keywords which should not execute `SeleniumLibrary`
default behaviour of running keyword on failure.</doc>
<kw name="Get Library Instance" library="BuiltIn">
<arg>RPA.Browser</arg>
<doc>Returns the currently active instance of the specified library.</doc>
<msg timestamp="20220622 17:00:30.645" level="FAIL">No library 'RPA.Browser' found.</msg>
<status status="FAIL" starttime="20220622 17:00:30.645" endtime="20220622 17:00:30.646"/>
</kw>
<kw name="Get Library Instance" library="BuiltIn">
<arg>RPA.Browser.Selenium</arg>
<doc>Returns the currently active instance of the specified library.</doc>
<status status="PASS" starttime="20220622 17:00:30.647" endtime="20220622 17:00:30.648"/>
</kw>
<status status="PASS" starttime="20220622 17:00:30.645" endtime="20220622 17:00:30.648"/>
</kw>
<kw name="Run Keyword And Ignore Error" library="BuiltIn">
<arg>Execute Javascript</arg>
<arg>document.querySelector('${locator}').style.display = 'none'</arg>
<doc>Runs the given keyword with the given arguments and ignores possible error.</doc>
<kw name="Execute Javascript" library="RPA.Browser.Selenium">
<arg>document.querySelector('${locator}').style.display = 'none'</arg>
<doc>Executes the given JavaScript code with possible arguments.</doc>
<msg timestamp="20220622 17:00:30.649" level="INFO">No keyword will be run on failure.</msg>
<msg timestamp="20220622 17:00:30.649" level="INFO">No keyword will be run on failure.</msg>
<msg timestamp="20220622 17:00:30.649" level="INFO">No keyword will be run on failure.</msg>
<msg timestamp="20220622 17:00:30.649" level="INFO">No keyword will be run on failure.</msg>
<msg timestamp="20220622 17:00:30.650" level="INFO">No keyword will be run on failure.</msg>
<msg timestamp="20220622 17:00:30.650" level="INFO">No keyword will be run on failure.</msg>
<msg timestamp="20220622 17:00:30.650" level="INFO">No keyword will be run on failure.</msg>
<msg timestamp="20220622 17:00:30.650" level="INFO">No keyword will be run on failure.</msg>
<msg timestamp="20220622 17:00:30.650" level="INFO">No keyword will be run on failure.</msg>
<msg timestamp="20220622 17:00:30.650" level="INFO">No keyword will be run on failure.</msg>
<msg timestamp="20220622 17:00:30.650" level="INFO">No keyword will be run on failure.</msg>
<msg timestamp="20220622 17:00:30.650" level="INFO">No keyword will be run on failure.</msg>
<msg timestamp="20220622 17:00:30.650" level="INFO">Executing JavaScript:
document.querySelector('div[data-testid="sidebarColumn"]').style.display = 'none'
Without any arguments.</msg>
<msg timestamp="20220622 17:00:30.655" level="FAIL">JavascriptException: Message: javascript error: Cannot read properties of null (reading 'style')
  (Session info: chrome=102.0.5005.115)
</msg>
<status status="FAIL" starttime="20220622 17:00:30.649" endtime="20220622 17:00:30.658"/>
</kw>
<status status="PASS" starttime="20220622 17:00:30.649" endtime="20220622 17:00:30.658"/>
</kw>
<status status="PASS" starttime="20220622 17:00:30.644" endtime="20220622 17:00:30.659"/>
</kw>
<status status="PASS" starttime="20220622 17:00:30.642" endtime="20220622 17:00:30.659"/>
</iter>
<iter>
<var name="${locator}">div[data-testid="inlinePrompt"]</var>
<kw name="Log" library="BuiltIn">
<arg>=== [${locator}]</arg>
<doc>Logs the given message with the given level.</doc>
<msg timestamp="20220622 17:00:30.662" level="INFO">=== [div[data-testid="inlinePrompt"]]</msg>
<status status="PASS" starttime="20220622 17:00:30.661" endtime="20220622 17:00:30.662"/>
</kw>
<kw name="Hide element">
<arg>${locator}</arg>
<kw name="Mute Run On Failure" library="RPA.RobotLogListener">
<arg>Execute Javascript</arg>
<doc>Set keywords which should not execute `SeleniumLibrary`
default behaviour of running keyword on failure.</doc>
<kw name="Get Library Instance" library="BuiltIn">
<arg>RPA.Browser</arg>
<doc>Returns the currently active instance of the specified library.</doc>
<msg timestamp="20220622 17:00:30.665" level="FAIL">No library 'RPA.Browser' found.</msg>
<status status="FAIL" starttime="20220622 17:00:30.664" endtime="20220622 17:00:30.665"/>
</kw>
<kw name="Get Library Instance" library="BuiltIn">
<arg>RPA.Browser.Selenium</arg>
<doc>Returns the currently active instance of the specified library.</doc>
<status status="PASS" starttime="20220622 17:00:30.666" endtime="20220622 17:00:30.666"/>
</kw>
<status status="PASS" starttime="20220622 17:00:30.663" endtime="20220622 17:00:30.667"/>
</kw>
<kw name="Run Keyword And Ignore Error" library="BuiltIn">
<arg>Execute Javascript</arg>
<arg>document.querySelector('${locator}').style.display = 'none'</arg>
<doc>Runs the given keyword with the given arguments and ignores possible error.</doc>
<kw name="Execute Javascript" library="RPA.Browser.Selenium">
<arg>document.querySelector('${locator}').style.display = 'none'</arg>
<doc>Executes the given JavaScript code with possible arguments.</doc>
<msg timestamp="20220622 17:00:30.668" level="INFO">No keyword will be run on failure.</msg>
<msg timestamp="20220622 17:00:30.668" level="INFO">No keyword will be run on failure.</msg>
<msg timestamp="20220622 17:00:30.668" level="INFO">No keyword will be run on failure.</msg>
<msg timestamp="20220622 17:00:30.668" level="INFO">No keyword will be run on failure.</msg>
<msg timestamp="20220622 17:00:30.669" level="INFO">No keyword will be run on failure.</msg>
<msg timestamp="20220622 17:00:30.669" level="INFO">No keyword will be run on failure.</msg>
<msg timestamp="20220622 17:00:30.669" level="INFO">No keyword will be run on failure.</msg>
<msg timestamp="20220622 17:00:30.669" level="INFO">No keyword will be run on failure.</msg>
<msg timestamp="20220622 17:00:30.669" level="INFO">No keyword will be run on failure.</msg>
<msg timestamp="20220622 17:00:30.669" level="INFO">No keyword will be run on failure.</msg>
<msg timestamp="20220622 17:00:30.669" level="INFO">No keyword will be run on failure.</msg>
<msg timestamp="20220622 17:00:30.669" level="INFO">No keyword will be run on failure.</msg>
<msg timestamp="20220622 17:00:30.669" level="INFO">No keyword will be run on failure.</msg>
<msg timestamp="20220622 17:00:30.670" level="INFO">Executing JavaScript:
document.querySelector('div[data-testid="inlinePrompt"]').style.display = 'none'
Without any arguments.</msg>
<msg timestamp="20220622 17:00:30.677" level="FAIL">JavascriptException: Message: javascript error: Cannot read properties of null (reading 'style')
  (Session info: chrome=102.0.5005.115)
</msg>
<status status="FAIL" starttime="20220622 17:00:30.668" endtime="20220622 17:00:30.678"/>
</kw>
<status status="PASS" starttime="20220622 17:00:30.667" endtime="20220622 17:00:30.678"/>
</kw>
<status status="PASS" starttime="20220622 17:00:30.662" endtime="20220622 17:00:30.678"/>
</kw>
<status status="PASS" starttime="20220622 17:00:30.660" endtime="20220622 17:00:30.678"/>
</iter>
<iter>
<var name="${locator}">div[data-testid="sheetDialog"]</var>
<kw name="Log" library="BuiltIn">
<arg>=== [${locator}]</arg>
<doc>Logs the given message with the given level.</doc>
<msg timestamp="20220622 17:00:30.679" level="INFO">=== [div[data-testid="sheetDialog"]]</msg>
<status status="PASS" starttime="20220622 17:00:30.679" endtime="20220622 17:00:30.679"/>
</kw>
<kw name="Hide element">
<arg>${locator}</arg>
<kw name="Mute Run On Failure" library="RPA.RobotLogListener">
<arg>Execute Javascript</arg>
<doc>Set keywords which should not execute `SeleniumLibrary`
default behaviour of running keyword on failure.</doc>
<kw name="Get Library Instance" library="BuiltIn">
<arg>RPA.Browser</arg>
<doc>Returns the currently active instance of the specified library.</doc>
<msg timestamp="20220622 17:00:30.681" level="FAIL">No library 'RPA.Browser' found.</msg>
<status status="FAIL" starttime="20220622 17:00:30.680" endtime="20220622 17:00:30.681"/>
</kw>
<kw name="Get Library Instance" library="BuiltIn">
<arg>RPA.Browser.Selenium</arg>
<doc>Returns the currently active instance of the specified library.</doc>
<status status="PASS" starttime="20220622 17:00:30.682" endtime="20220622 17:00:30.682"/>
</kw>
<status status="PASS" starttime="20220622 17:00:30.680" endtime="20220622 17:00:30.682"/>
</kw>
<kw name="Run Keyword And Ignore Error" library="BuiltIn">
<arg>Execute Javascript</arg>
<arg>document.querySelector('${locator}').style.display = 'none'</arg>
<doc>Runs the given keyword with the given arguments and ignores possible error.</doc>
<kw name="Execute Javascript" library="RPA.Browser.Selenium">
<arg>document.querySelector('${locator}').style.display = 'none'</arg>
<doc>Executes the given JavaScript code with possible arguments.</doc>
<msg timestamp="20220622 17:00:30.683" level="INFO">No keyword will be run on failure.</msg>
<msg timestamp="20220622 17:00:30.683" level="INFO">No keyword will be run on failure.</msg>
<msg timestamp="20220622 17:00:30.683" level="INFO">No keyword will be run on failure.</msg>
<msg timestamp="20220622 17:00:30.683" level="INFO">No keyword will be run on failure.</msg>
<msg timestamp="20220622 17:00:30.683" level="INFO">No keyword will be run on failure.</msg>
<msg timestamp="20220622 17:00:30.683" level="INFO">No keyword will be run on failure.</msg>
<msg timestamp="20220622 17:00:30.683" level="INFO">No keyword will be run on failure.</msg>
<msg timestamp="20220622 17:00:30.683" level="INFO">No keyword will be run on failure.</msg>
<msg timestamp="20220622 17:00:30.684" level="INFO">No keyword will be run on failure.</msg>
<msg timestamp="20220622 17:00:30.684" level="INFO">No keyword will be run on failure.</msg>
<msg timestamp="20220622 17:00:30.684" level="INFO">No keyword will be run on failure.</msg>
<msg timestamp="20220622 17:00:30.684" level="INFO">No keyword will be run on failure.</msg>
<msg timestamp="20220622 17:00:30.684" level="INFO">No keyword will be run on failure.</msg>
<msg timestamp="20220622 17:00:30.684" level="INFO">No keyword will be run on failure.</msg>
<msg timestamp="20220622 17:00:30.684" level="INFO">Executing JavaScript:
document.querySelector('div[data-testid="sheetDialog"]').style.display = 'none'
Without any arguments.</msg>
<msg timestamp="20220622 17:00:30.691" level="FAIL">JavascriptException: Message: javascript error: Cannot read properties of null (reading 'style')
  (Session info: chrome=102.0.5005.115)
</msg>
<status status="FAIL" starttime="20220622 17:00:30.683" endtime="20220622 17:00:30.692"/>
</kw>
<status status="PASS" starttime="20220622 17:00:30.683" endtime="20220622 17:00:30.692"/>
</kw>
<status status="PASS" starttime="20220622 17:00:30.680" endtime="20220622 17:00:30.692"/>
</kw>
<status status="PASS" starttime="20220622 17:00:30.679" endtime="20220622 17:00:30.692"/>
</iter>
<status status="PASS" starttime="20220622 17:00:30.422" endtime="20220622 17:00:30.693"/>
</for>
<status status="PASS" starttime="20220622 17:00:30.420" endtime="20220622 17:00:30.693"/>
</kw>
<status status="PASS" starttime="20220622 17:00:29.910" endtime="20220622 17:00:30.693"/>
</iter>
<iter>
<var name="${pixels}">400</var>
<kw name="Execute Javascript" library="RPA.Browser.Selenium">
<arg>window.scrollBy(0, ${pixels})</arg>
<doc>Executes the given JavaScript code with possible arguments.</doc>
<msg timestamp="20220622 17:00:30.694" level="INFO">No keyword will be run on failure.</msg>
<msg timestamp="20220622 17:00:30.694" level="INFO">No keyword will be run on failure.</msg>
<msg timestamp="20220622 17:00:30.694" level="INFO">No keyword will be run on failure.</msg>
<msg timestamp="20220622 17:00:30.694" level="INFO">No keyword will be run on failure.</msg>
<msg timestamp="20220622 17:00:30.694" level="INFO">No keyword will be run on failure.</msg>
<msg timestamp="20220622 17:00:30.694" level="INFO">No keyword will be run on failure.</msg>
<msg timestamp="20220622 17:00:30.694" level="INFO">No keyword will be run on failure.</msg>
<msg timestamp="20220622 17:00:30.694" level="INFO">No keyword will be run on failure.</msg>
<msg timestamp="20220622 17:00:30.694" level="INFO">No keyword will be run on failure.</msg>
<msg timestamp="20220622 17:00:30.694" level="INFO">No keyword will be run on failure.</msg>
<msg timestamp="20220622 17:00:30.694" level="INFO">No keyword will be run on failure.</msg>
<msg timestamp="20220622 17:00:30.694" level="INFO">No keyword will be run on failure.</msg>
<msg timestamp="20220622 17:00:30.694" level="INFO">No keyword will be run on failure.</msg>
<msg timestamp="20220622 17:00:30.694" level="INFO">No keyword will be run on failure.</msg>
<msg timestamp="20220622 17:00:30.695" level="INFO">Executing JavaScript:
window.scrollBy(0, 400)
Without any arguments.</msg>
<status status="PASS" starttime="20220622 17:00:30.694" endtime="20220622 17:00:30.699"/>
</kw>
<kw name="Sleep" library="BuiltIn">
<arg>500ms</arg>
<doc>Pauses the test executed for the given time.</doc>
<msg timestamp="20220622 17:00:31.209" level="INFO">Slept 500 milliseconds</msg>
<status status="PASS" starttime="20220622 17:00:30.699" endtime="20220622 17:00:31.209"/>
</kw>
<kw name="Hide distracting UI elements">
<kw name="Create List" library="BuiltIn">
<var>@{locators}</var>
<arg>header</arg>
<arg>\#layers &gt; div</arg>
<arg>nav</arg>
<arg>div[data-testid="primaryColumn"] &gt; div &gt; div</arg>
<arg>div[data-testid="sidebarColumn"]</arg>
<arg>div[data-testid="inlinePrompt"]</arg>
<arg>div[data-testid="sheetDialog"]</arg>
<doc>Returns a list containing given items.</doc>
<msg timestamp="20220622 17:00:31.213" level="INFO">@{locators} = [ header | #layers &gt; div | nav | div[data-testid="primaryColumn"] &gt; div &gt; div | div[data-testid="sidebarColumn"] | div[data-testid="inlinePrompt"] | div[data-testid="sheetDialog"] ]</msg>
<status status="PASS" starttime="20220622 17:00:31.212" endtime="20220622 17:00:31.213"/>
</kw>
<kw name="Log" library="BuiltIn">
<arg>==== [${locators}]</arg>
<doc>Logs the given message with the given level.</doc>
<msg timestamp="20220622 17:00:31.215" level="INFO">==== [['header', '#layers &gt; div', 'nav', 'div[data-testid="primaryColumn"] &gt; div &gt; div', 'div[data-testid="sidebarColumn"]', 'div[data-testid="inlinePrompt"]', 'div[data-testid="sheetDialog"]']]</msg>
<status status="PASS" starttime="20220622 17:00:31.214" endtime="20220622 17:00:31.215"/>
</kw>
<for flavor="IN">
<var>${locator}</var>
<value>@{locators}</value>
<iter>
<var name="${locator}">header</var>
<kw name="Log" library="BuiltIn">
<arg>=== [${locator}]</arg>
<doc>Logs the given message with the given level.</doc>
<msg timestamp="20220622 17:00:31.218" level="INFO">=== [header]</msg>
<status status="PASS" starttime="20220622 17:00:31.217" endtime="20220622 17:00:31.218"/>
</kw>
<kw name="Hide element">
<arg>${locator}</arg>
<kw name="Mute Run On Failure" library="RPA.RobotLogListener">
<arg>Execute Javascript</arg>
<doc>Set keywords which should not execute `SeleniumLibrary`
default behaviour of running keyword on failure.</doc>
<kw name="Get Library Instance" library="BuiltIn">
<arg>RPA.Browser</arg>
<doc>Returns the currently active instance of the specified library.</doc>
<msg timestamp="20220622 17:00:31.221" level="FAIL">No library 'RPA.Browser' found.</msg>
<status status="FAIL" starttime="20220622 17:00:31.220" endtime="20220622 17:00:31.226"/>
</kw>
<kw name="Get Library Instance" library="BuiltIn">
<arg>RPA.Browser.Selenium</arg>
<doc>Returns the currently active instance of the specified library.</doc>
<status status="PASS" starttime="20220622 17:00:31.227" endtime="20220622 17:00:31.228"/>
</kw>
<status status="PASS" starttime="20220622 17:00:31.220" endtime="20220622 17:00:31.228"/>
</kw>
<kw name="Run Keyword And Ignore Error" library="BuiltIn">
<arg>Execute Javascript</arg>
<arg>document.querySelector('${locator}').style.display = 'none'</arg>
<doc>Runs the given keyword with the given arguments and ignores possible error.</doc>
<kw name="Execute Javascript" library="RPA.Browser.Selenium">
<arg>document.querySelector('${locator}').style.display = 'none'</arg>
<doc>Executes the given JavaScript code with possible arguments.</doc>
<msg timestamp="20220622 17:00:31.230" level="INFO">No keyword will be run on failure.</msg>
<msg timestamp="20220622 17:00:31.230" level="INFO">No keyword will be run on failure.</msg>
<msg timestamp="20220622 17:00:31.230" level="INFO">No keyword will be run on failure.</msg>
<msg timestamp="20220622 17:00:31.230" level="INFO">No keyword will be run on failure.</msg>
<msg timestamp="20220622 17:00:31.230" level="INFO">No keyword will be run on failure.</msg>
<msg timestamp="20220622 17:00:31.230" level="INFO">No keyword will be run on failure.</msg>
<msg timestamp="20220622 17:00:31.230" level="INFO">No keyword will be run on failure.</msg>
<msg timestamp="20220622 17:00:31.230" level="INFO">No keyword will be run on failure.</msg>
<msg timestamp="20220622 17:00:31.230" level="INFO">No keyword will be run on failure.</msg>
<msg timestamp="20220622 17:00:31.230" level="INFO">No keyword will be run on failure.</msg>
<msg timestamp="20220622 17:00:31.230" level="INFO">No keyword will be run on failure.</msg>
<msg timestamp="20220622 17:00:31.230" level="INFO">No keyword will be run on failure.</msg>
<msg timestamp="20220622 17:00:31.230" level="INFO">No keyword will be run on failure.</msg>
<msg timestamp="20220622 17:00:31.230" level="INFO">No keyword will be run on failure.</msg>
<msg timestamp="20220622 17:00:31.230" level="INFO">No keyword will be run on failure.</msg>
<msg timestamp="20220622 17:00:31.231" level="INFO">Executing JavaScript:
document.querySelector('header').style.display = 'none'
Without any arguments.</msg>
<status status="PASS" starttime="20220622 17:00:31.229" endtime="20220622 17:00:31.384"/>
</kw>
<status status="PASS" starttime="20220622 17:00:31.229" endtime="20220622 17:00:31.385"/>
</kw>
<status status="PASS" starttime="20220622 17:00:31.219" endtime="20220622 17:00:31.385"/>
</kw>
<status status="PASS" starttime="20220622 17:00:31.216" endtime="20220622 17:00:31.386"/>
</iter>
<iter>
<var name="${locator}">#layers &gt; div</var>
<kw name="Log" library="BuiltIn">
<arg>=== [${locator}]</arg>
<doc>Logs the given message with the given level.</doc>
<msg timestamp="20220622 17:00:31.388" level="INFO">=== [#layers &gt; div]</msg>
<status status="PASS" starttime="20220622 17:00:31.387" endtime="20220622 17:00:31.388"/>
</kw>
<kw name="Hide element">
<arg>${locator}</arg>
<kw name="Mute Run On Failure" library="RPA.RobotLogListener">
<arg>Execute Javascript</arg>
<doc>Set keywords which should not execute `SeleniumLibrary`
default behaviour of running keyword on failure.</doc>
<kw name="Get Library Instance" library="BuiltIn">
<arg>RPA.Browser</arg>
<doc>Returns the currently active instance of the specified library.</doc>
<msg timestamp="20220622 17:00:31.395" level="FAIL">No library 'RPA.Browser' found.</msg>
<status status="FAIL" starttime="20220622 17:00:31.394" endtime="20220622 17:00:31.396"/>
</kw>
<kw name="Get Library Instance" library="BuiltIn">
<arg>RPA.Browser.Selenium</arg>
<doc>Returns the currently active instance of the specified library.</doc>
<status status="PASS" starttime="20220622 17:00:31.396" endtime="20220622 17:00:31.397"/>
</kw>
<status status="PASS" starttime="20220622 17:00:31.393" endtime="20220622 17:00:31.397"/>
</kw>
<kw name="Run Keyword And Ignore Error" library="BuiltIn">
<arg>Execute Javascript</arg>
<arg>document.querySelector('${locator}').style.display = 'none'</arg>
<doc>Runs the given keyword with the given arguments and ignores possible error.</doc>
<kw name="Execute Javascript" library="RPA.Browser.Selenium">
<arg>document.querySelector('${locator}').style.display = 'none'</arg>
<doc>Executes the given JavaScript code with possible arguments.</doc>
<msg timestamp="20220622 17:00:31.400" level="INFO">No keyword will be run on failure.</msg>
<msg timestamp="20220622 17:00:31.400" level="INFO">No keyword will be run on failure.</msg>
<msg timestamp="20220622 17:00:31.400" level="INFO">No keyword will be run on failure.</msg>
<msg timestamp="20220622 17:00:31.400" level="INFO">No keyword will be run on failure.</msg>
<msg timestamp="20220622 17:00:31.400" level="INFO">No keyword will be run on failure.</msg>
<msg timestamp="20220622 17:00:31.400" level="INFO">No keyword will be run on failure.</msg>
<msg timestamp="20220622 17:00:31.401" level="INFO">No keyword will be run on failure.</msg>
<msg timestamp="20220622 17:00:31.401" level="INFO">No keyword will be run on failure.</msg>
<msg timestamp="20220622 17:00:31.401" level="INFO">No keyword will be run on failure.</msg>
<msg timestamp="20220622 17:00:31.401" level="INFO">No keyword will be run on failure.</msg>
<msg timestamp="20220622 17:00:31.401" level="INFO">No keyword will be run on failure.</msg>
<msg timestamp="20220622 17:00:31.401" level="INFO">No keyword will be run on failure.</msg>
<msg timestamp="20220622 17:00:31.401" level="INFO">No keyword will be run on failure.</msg>
<msg timestamp="20220622 17:00:31.401" level="INFO">No keyword will be run on failure.</msg>
<msg timestamp="20220622 17:00:31.401" level="INFO">No keyword will be run on failure.</msg>
<msg timestamp="20220622 17:00:31.401" level="INFO">No keyword will be run on failure.</msg>
<msg timestamp="20220622 17:00:31.403" level="INFO">Executing JavaScript:
document.querySelector('#layers &gt; div').style.display = 'none'
Without any arguments.</msg>
<status status="PASS" starttime="20220622 17:00:31.399" endtime="20220622 17:00:31.418"/>
</kw>
<status status="PASS" starttime="20220622 17:00:31.398" endtime="20220622 17:00:31.418"/>
</kw>
<status status="PASS" starttime="20220622 17:00:31.389" endtime="20220622 17:00:31.419"/>
</kw>
<status status="PASS" starttime="20220622 17:00:31.386" endtime="20220622 17:00:31.419"/>
</iter>
<iter>
<var name="${locator}">nav</var>
<kw name="Log" library="BuiltIn">
<arg>=== [${locator}]</arg>
<doc>Logs the given message with the given level.</doc>
<msg timestamp="20220622 17:00:31.421" level="INFO">=== [nav]</msg>
<status status="PASS" starttime="20220622 17:00:31.420" endtime="20220622 17:00:31.421"/>
</kw>
<kw name="Hide element">
<arg>${locator}</arg>
<kw name="Mute Run On Failure" library="RPA.RobotLogListener">
<arg>Execute Javascript</arg>
<doc>Set keywords which should not execute `SeleniumLibrary`
default behaviour of running keyword on failure.</doc>
<kw name="Get Library Instance" library="BuiltIn">
<arg>RPA.Browser</arg>
<doc>Returns the currently active instance of the specified library.</doc>
<msg timestamp="20220622 17:00:31.426" level="FAIL">No library 'RPA.Browser' found.</msg>
<status status="FAIL" starttime="20220622 17:00:31.425" endtime="20220622 17:00:31.427"/>
</kw>
<kw name="Get Library Instance" library="BuiltIn">
<arg>RPA.Browser.Selenium</arg>
<doc>Returns the currently active instance of the specified library.</doc>
<status status="PASS" starttime="20220622 17:00:31.428" endtime="20220622 17:00:31.429"/>
</kw>
<status status="PASS" starttime="20220622 17:00:31.422" endtime="20220622 17:00:31.429"/>
</kw>
<kw name="Run Keyword And Ignore Error" library="BuiltIn">
<arg>Execute Javascript</arg>
<arg>document.querySelector('${locator}').style.display = 'none'</arg>
<doc>Runs the given keyword with the given arguments and ignores possible error.</doc>
<kw name="Execute Javascript" library="RPA.Browser.Selenium">
<arg>document.querySelector('${locator}').style.display = 'none'</arg>
<doc>Executes the given JavaScript code with possible arguments.</doc>
<msg timestamp="20220622 17:00:31.431" level="INFO">No keyword will be run on failure.</msg>
<msg timestamp="20220622 17:00:31.431" level="INFO">No keyword will be run on failure.</msg>
<msg timestamp="20220622 17:00:31.431" level="INFO">No keyword will be run on failure.</msg>
<msg timestamp="20220622 17:00:31.431" level="INFO">No keyword will be run on failure.</msg>
<msg timestamp="20220622 17:00:31.431" level="INFO">No keyword will be run on failure.</msg>
<msg timestamp="20220622 17:00:31.431" level="INFO">No keyword will be run on failure.</msg>
<msg timestamp="20220622 17:00:31.431" level="INFO">No keyword will be run on failure.</msg>
<msg timestamp="20220622 17:00:31.432" level="INFO">No keyword will be run on failure.</msg>
<msg timestamp="20220622 17:00:31.432" level="INFO">No keyword will be run on failure.</msg>
<msg timestamp="20220622 17:00:31.432" level="INFO">No keyword will be run on failure.</msg>
<msg timestamp="20220622 17:00:31.432" level="INFO">No keyword will be run on failure.</msg>
<msg timestamp="20220622 17:00:31.432" level="INFO">No keyword will be run on failure.</msg>
<msg timestamp="20220622 17:00:31.432" level="INFO">No keyword will be run on failure.</msg>
<msg timestamp="20220622 17:00:31.432" level="INFO">No keyword will be run on failure.</msg>
<msg timestamp="20220622 17:00:31.432" level="INFO">No keyword will be run on failure.</msg>
<msg timestamp="20220622 17:00:31.432" level="INFO">No keyword will be run on failure.</msg>
<msg timestamp="20220622 17:00:31.432" level="INFO">No keyword will be run on failure.</msg>
<msg timestamp="20220622 17:00:31.433" level="INFO">Executing JavaScript:
document.querySelector('nav').style.display = 'none'
Without any arguments.</msg>
<status status="PASS" starttime="20220622 17:00:31.431" endtime="20220622 17:00:31.436"/>
</kw>
<status status="PASS" starttime="20220622 17:00:31.430" endtime="20220622 17:00:31.436"/>
</kw>
<status status="PASS" starttime="20220622 17:00:31.421" endtime="20220622 17:00:31.436"/>
</kw>
<status status="PASS" starttime="20220622 17:00:31.419" endtime="20220622 17:00:31.436"/>
</iter>
<iter>
<var name="${locator}">div[data-testid="primaryColumn"] &gt; div &gt; div</var>
<kw name="Log" library="BuiltIn">
<arg>=== [${locator}]</arg>
<doc>Logs the given message with the given level.</doc>
<msg timestamp="20220622 17:00:31.437" level="INFO">=== [div[data-testid="primaryColumn"] &gt; div &gt; div]</msg>
<status status="PASS" starttime="20220622 17:00:31.437" endtime="20220622 17:00:31.437"/>
</kw>
<kw name="Hide element">
<arg>${locator}</arg>
<kw name="Mute Run On Failure" library="RPA.RobotLogListener">
<arg>Execute Javascript</arg>
<doc>Set keywords which should not execute `SeleniumLibrary`
default behaviour of running keyword on failure.</doc>
<kw name="Get Library Instance" library="BuiltIn">
<arg>RPA.Browser</arg>
<doc>Returns the currently active instance of the specified library.</doc>
<msg timestamp="20220622 17:00:31.441" level="FAIL">No library 'RPA.Browser' found.</msg>
<status status="FAIL" starttime="20220622 17:00:31.439" endtime="20220622 17:00:31.442"/>
</kw>
<kw name="Get Library Instance" library="BuiltIn">
<arg>RPA.Browser.Selenium</arg>
<doc>Returns the currently active instance of the specified library.</doc>
<status status="PASS" starttime="20220622 17:00:31.442" endtime="20220622 17:00:31.443"/>
</kw>
<status status="PASS" starttime="20220622 17:00:31.438" endtime="20220622 17:00:31.443"/>
</kw>
<kw name="Run Keyword And Ignore Error" library="BuiltIn">
<arg>Execute Javascript</arg>
<arg>document.querySelector('${locator}').style.display = 'none'</arg>
<doc>Runs the given keyword with the given arguments and ignores possible error.</doc>
<kw name="Execute Javascript" library="RPA.Browser.Selenium">
<arg>document.querySelector('${locator}').style.display = 'none'</arg>
<doc>Executes the given JavaScript code with possible arguments.</doc>
<msg timestamp="20220622 17:00:31.445" level="INFO">No keyword will be run on failure.</msg>
<msg timestamp="20220622 17:00:31.445" level="INFO">No keyword will be run on failure.</msg>
<msg timestamp="20220622 17:00:31.445" level="INFO">No keyword will be run on failure.</msg>
<msg timestamp="20220622 17:00:31.445" level="INFO">No keyword will be run on failure.</msg>
<msg timestamp="20220622 17:00:31.445" level="INFO">No keyword will be run on failure.</msg>
<msg timestamp="20220622 17:00:31.445" level="INFO">No keyword will be run on failure.</msg>
<msg timestamp="20220622 17:00:31.445" level="INFO">No keyword will be run on failure.</msg>
<msg timestamp="20220622 17:00:31.446" level="INFO">No keyword will be run on failure.</msg>
<msg timestamp="20220622 17:00:31.446" level="INFO">No keyword will be run on failure.</msg>
<msg timestamp="20220622 17:00:31.446" level="INFO">No keyword will be run on failure.</msg>
<msg timestamp="20220622 17:00:31.446" level="INFO">No keyword will be run on failure.</msg>
<msg timestamp="20220622 17:00:31.446" level="INFO">No keyword will be run on failure.</msg>
<msg timestamp="20220622 17:00:31.446" level="INFO">No keyword will be run on failure.</msg>
<msg timestamp="20220622 17:00:31.446" level="INFO">No keyword will be run on failure.</msg>
<msg timestamp="20220622 17:00:31.446" level="INFO">No keyword will be run on failure.</msg>
<msg timestamp="20220622 17:00:31.446" level="INFO">No keyword will be run on failure.</msg>
<msg timestamp="20220622 17:00:31.446" level="INFO">No keyword will be run on failure.</msg>
<msg timestamp="20220622 17:00:31.446" level="INFO">No keyword will be run on failure.</msg>
<msg timestamp="20220622 17:00:31.447" level="INFO">Executing JavaScript:
document.querySelector('div[data-testid="primaryColumn"] &gt; div &gt; div').style.display = 'none'
Without any arguments.</msg>
<status status="PASS" starttime="20220622 17:00:31.445" endtime="20220622 17:00:31.452"/>
</kw>
<status status="PASS" starttime="20220622 17:00:31.444" endtime="20220622 17:00:31.452"/>
</kw>
<status status="PASS" starttime="20220622 17:00:31.438" endtime="20220622 17:00:31.453"/>
</kw>
<status status="PASS" starttime="20220622 17:00:31.437" endtime="20220622 17:00:31.453"/>
</iter>
<iter>
<var name="${locator}">div[data-testid="sidebarColumn"]</var>
<kw name="Log" library="BuiltIn">
<arg>=== [${locator}]</arg>
<doc>Logs the given message with the given level.</doc>
<msg timestamp="20220622 17:00:31.454" level="INFO">=== [div[data-testid="sidebarColumn"]]</msg>
<status status="PASS" starttime="20220622 17:00:31.453" endtime="20220622 17:00:31.454"/>
</kw>
<kw name="Hide element">
<arg>${locator}</arg>
<kw name="Mute Run On Failure" library="RPA.RobotLogListener">
<arg>Execute Javascript</arg>
<doc>Set keywords which should not execute `SeleniumLibrary`
default behaviour of running keyword on failure.</doc>
<kw name="Get Library Instance" library="BuiltIn">
<arg>RPA.Browser</arg>
<doc>Returns the currently active instance of the specified library.</doc>
<msg timestamp="20220622 17:00:31.458" level="FAIL">No library 'RPA.Browser' found.</msg>
<status status="FAIL" starttime="20220622 17:00:31.456" endtime="20220622 17:00:31.458"/>
</kw>
<kw name="Get Library Instance" library="BuiltIn">
<arg>RPA.Browser.Selenium</arg>
<doc>Returns the currently active instance of the specified library.</doc>
<status status="PASS" starttime="20220622 17:00:31.459" endtime="20220622 17:00:31.459"/>
</kw>
<status status="PASS" starttime="20220622 17:00:31.455" endtime="20220622 17:00:31.459"/>
</kw>
<kw name="Run Keyword And Ignore Error" library="BuiltIn">
<arg>Execute Javascript</arg>
<arg>document.querySelector('${locator}').style.display = 'none'</arg>
<doc>Runs the given keyword with the given arguments and ignores possible error.</doc>
<kw name="Execute Javascript" library="RPA.Browser.Selenium">
<arg>document.querySelector('${locator}').style.display = 'none'</arg>
<doc>Executes the given JavaScript code with possible arguments.</doc>
<msg timestamp="20220622 17:00:31.460" level="INFO">No keyword will be run on failure.</msg>
<msg timestamp="20220622 17:00:31.460" level="INFO">No keyword will be run on failure.</msg>
<msg timestamp="20220622 17:00:31.460" level="INFO">No keyword will be run on failure.</msg>
<msg timestamp="20220622 17:00:31.460" level="INFO">No keyword will be run on failure.</msg>
<msg timestamp="20220622 17:00:31.460" level="INFO">No keyword will be run on failure.</msg>
<msg timestamp="20220622 17:00:31.460" level="INFO">No keyword will be run on failure.</msg>
<msg timestamp="20220622 17:00:31.460" level="INFO">No keyword will be run on failure.</msg>
<msg timestamp="20220622 17:00:31.460" level="INFO">No keyword will be run on failure.</msg>
<msg timestamp="20220622 17:00:31.460" level="INFO">No keyword will be run on failure.</msg>
<msg timestamp="20220622 17:00:31.460" level="INFO">No keyword will be run on failure.</msg>
<msg timestamp="20220622 17:00:31.460" level="INFO">No keyword will be run on failure.</msg>
<msg timestamp="20220622 17:00:31.460" level="INFO">No keyword will be run on failure.</msg>
<msg timestamp="20220622 17:00:31.460" level="INFO">No keyword will be run on failure.</msg>
<msg timestamp="20220622 17:00:31.460" level="INFO">No keyword will be run on failure.</msg>
<msg timestamp="20220622 17:00:31.460" level="INFO">No keyword will be run on failure.</msg>
<msg timestamp="20220622 17:00:31.460" level="INFO">No keyword will be run on failure.</msg>
<msg timestamp="20220622 17:00:31.460" level="INFO">No keyword will be run on failure.</msg>
<msg timestamp="20220622 17:00:31.461" level="INFO">No keyword will be run on failure.</msg>
<msg timestamp="20220622 17:00:31.461" level="INFO">No keyword will be run on failure.</msg>
<msg timestamp="20220622 17:00:31.461" level="INFO">Executing JavaScript:
document.querySelector('div[data-testid="sidebarColumn"]').style.display = 'none'
Without any arguments.</msg>
<msg timestamp="20220622 17:00:31.466" level="FAIL">JavascriptException: Message: javascript error: Cannot read properties of null (reading 'style')
  (Session info: chrome=102.0.5005.115)
</msg>
<status status="FAIL" starttime="20220622 17:00:31.460" endtime="20220622 17:00:31.467"/>
</kw>
<status status="PASS" starttime="20220622 17:00:31.459" endtime="20220622 17:00:31.467"/>
</kw>
<status status="PASS" starttime="20220622 17:00:31.454" endtime="20220622 17:00:31.467"/>
</kw>
<status status="PASS" starttime="20220622 17:00:31.453" endtime="20220622 17:00:31.468"/>
</iter>
<iter>
<var name="${locator}">div[data-testid="inlinePrompt"]</var>
<kw name="Log" library="BuiltIn">
<arg>=== [${locator}]</arg>
<doc>Logs the given message with the given level.</doc>
<msg timestamp="20220622 17:00:31.469" level="INFO">=== [div[data-testid="inlinePrompt"]]</msg>
<status status="PASS" starttime="20220622 17:00:31.469" endtime="20220622 17:00:31.469"/>
</kw>
<kw name="Hide element">
<arg>${locator}</arg>
<kw name="Mute Run On Failure" library="RPA.RobotLogListener">
<arg>Execute Javascript</arg>
<doc>Set keywords which should not execute `SeleniumLibrary`
default behaviour of running keyword on failure.</doc>
<kw name="Get Library Instance" library="BuiltIn">
<arg>RPA.Browser</arg>
<doc>Returns the currently active instance of the specified library.</doc>
<msg timestamp="20220622 17:00:31.471" level="FAIL">No library 'RPA.Browser' found.</msg>
<status status="FAIL" starttime="20220622 17:00:31.470" endtime="20220622 17:00:31.474"/>
</kw>
<kw name="Get Library Instance" library="BuiltIn">
<arg>RPA.Browser.Selenium</arg>
<doc>Returns the currently active instance of the specified library.</doc>
<status status="PASS" starttime="20220622 17:00:31.475" endtime="20220622 17:00:31.476"/>
</kw>
<status status="PASS" starttime="20220622 17:00:31.470" endtime="20220622 17:00:31.477"/>
</kw>
<kw name="Run Keyword And Ignore Error" library="BuiltIn">
<arg>Execute Javascript</arg>
<arg>document.querySelector('${locator}').style.display = 'none'</arg>
<doc>Runs the given keyword with the given arguments and ignores possible error.</doc>
<kw name="Execute Javascript" library="RPA.Browser.Selenium">
<arg>document.querySelector('${locator}').style.display = 'none'</arg>
<doc>Executes the given JavaScript code with possible arguments.</doc>
<msg timestamp="20220622 17:00:31.478" level="INFO">No keyword will be run on failure.</msg>
<msg timestamp="20220622 17:00:31.478" level="INFO">No keyword will be run on failure.</msg>
<msg timestamp="20220622 17:00:31.478" level="INFO">No keyword will be run on failure.</msg>
<msg timestamp="20220622 17:00:31.478" level="INFO">No keyword will be run on failure.</msg>
<msg timestamp="20220622 17:00:31.478" level="INFO">No keyword will be run on failure.</msg>
<msg timestamp="20220622 17:00:31.478" level="INFO">No keyword will be run on failure.</msg>
<msg timestamp="20220622 17:00:31.478" level="INFO">No keyword will be run on failure.</msg>
<msg timestamp="20220622 17:00:31.478" level="INFO">No keyword will be run on failure.</msg>
<msg timestamp="20220622 17:00:31.478" level="INFO">No keyword will be run on failure.</msg>
<msg timestamp="20220622 17:00:31.479" level="INFO">No keyword will be run on failure.</msg>
<msg timestamp="20220622 17:00:31.479" level="INFO">No keyword will be run on failure.</msg>
<msg timestamp="20220622 17:00:31.479" level="INFO">No keyword will be run on failure.</msg>
<msg timestamp="20220622 17:00:31.479" level="INFO">No keyword will be run on failure.</msg>
<msg timestamp="20220622 17:00:31.480" level="INFO">No keyword will be run on failure.</msg>
<msg timestamp="20220622 17:00:31.480" level="INFO">No keyword will be run on failure.</msg>
<msg timestamp="20220622 17:00:31.480" level="INFO">No keyword will be run on failure.</msg>
<msg timestamp="20220622 17:00:31.480" level="INFO">No keyword will be run on failure.</msg>
<msg timestamp="20220622 17:00:31.480" level="INFO">No keyword will be run on failure.</msg>
<msg timestamp="20220622 17:00:31.480" level="INFO">No keyword will be run on failure.</msg>
<msg timestamp="20220622 17:00:31.480" level="INFO">No keyword will be run on failure.</msg>
<msg timestamp="20220622 17:00:31.481" level="INFO">Executing JavaScript:
document.querySelector('div[data-testid="inlinePrompt"]').style.display = 'none'
Without any arguments.</msg>
<msg timestamp="20220622 17:00:31.492" level="FAIL">JavascriptException: Message: javascript error: Cannot read properties of null (reading 'style')
  (Session info: chrome=102.0.5005.115)
</msg>
<status status="FAIL" starttime="20220622 17:00:31.478" endtime="20220622 17:00:31.493"/>
</kw>
<status status="PASS" starttime="20220622 17:00:31.477" endtime="20220622 17:00:31.494"/>
</kw>
<status status="PASS" starttime="20220622 17:00:31.469" endtime="20220622 17:00:31.494"/>
</kw>
<status status="PASS" starttime="20220622 17:00:31.468" endtime="20220622 17:00:31.494"/>
</iter>
<iter>
<var name="${locator}">div[data-testid="sheetDialog"]</var>
<kw name="Log" library="BuiltIn">
<arg>=== [${locator}]</arg>
<doc>Logs the given message with the given level.</doc>
<msg timestamp="20220622 17:00:31.496" level="INFO">=== [div[data-testid="sheetDialog"]]</msg>
<status status="PASS" starttime="20220622 17:00:31.495" endtime="20220622 17:00:31.496"/>
</kw>
<kw name="Hide element">
<arg>${locator}</arg>
<kw name="Mute Run On Failure" library="RPA.RobotLogListener">
<arg>Execute Javascript</arg>
<doc>Set keywords which should not execute `SeleniumLibrary`
default behaviour of running keyword on failure.</doc>
<kw name="Get Library Instance" library="BuiltIn">
<arg>RPA.Browser</arg>
<doc>Returns the currently active instance of the specified library.</doc>
<msg timestamp="20220622 17:00:31.500" level="FAIL">No library 'RPA.Browser' found.</msg>
<status status="FAIL" starttime="20220622 17:00:31.499" endtime="20220622 17:00:31.501"/>
</kw>
<kw name="Get Library Instance" library="BuiltIn">
<arg>RPA.Browser.Selenium</arg>
<doc>Returns the currently active instance of the specified library.</doc>
<status status="PASS" starttime="20220622 17:00:31.501" endtime="20220622 17:00:31.502"/>
</kw>
<status status="PASS" starttime="20220622 17:00:31.498" endtime="20220622 17:00:31.502"/>
</kw>
<kw name="Run Keyword And Ignore Error" library="BuiltIn">
<arg>Execute Javascript</arg>
<arg>document.querySelector('${locator}').style.display = 'none'</arg>
<doc>Runs the given keyword with the given arguments and ignores possible error.</doc>
<kw name="Execute Javascript" library="RPA.Browser.Selenium">
<arg>document.querySelector('${locator}').style.display = 'none'</arg>
<doc>Executes the given JavaScript code with possible arguments.</doc>
<msg timestamp="20220622 17:00:31.503" level="INFO">No keyword will be run on failure.</msg>
<msg timestamp="20220622 17:00:31.503" level="INFO">No keyword will be run on failure.</msg>
[...]
</kw>
<status status="PASS" starttime="20220622 17:00:36.841" endtime="20220622 17:00:36.879"/>
</kw>
<status status="PASS" starttime="20220622 17:00:36.837" endtime="20220622 17:00:36.880"/>
</iter>
<status status="PASS" starttime="20220622 17:00:36.451" endtime="20220622 17:00:36.880"/>
</for>
<status status="PASS" starttime="20220622 17:00:36.446" endtime="20220622 17:00:36.881"/>
</kw>
<status status="PASS" starttime="20220622 17:00:35.922" endtime="20220622 17:00:36.881"/>
</iter>
<status status="PASS" starttime="20220622 17:00:29.909" endtime="20220622 17:00:36.881"/>
</for>
<kw name="Execute Javascript" library="RPA.Browser.Selenium">
<arg>window.scrollTo(0, 0)</arg>
<doc>Executes the given JavaScript code with possible arguments.</doc>
<msg timestamp="20220622 17:00:36.882" level="INFO">No keyword will be run on failure.</msg>
<msg timestamp="20220622 17:00:36.883" level="INFO">No keyword will be run on failure.</msg>
<msg timestamp="20220622 17:00:36.883" level="INFO">No keyword will be run on failure.</msg>
<msg timestamp="20220622 17:00:36.883" level="INFO">No keyword will be run on failure.</msg>
<msg timestamp="20220622 17:00:36.883" level="INFO">No keyword will be run on failure.</msg>
<msg timestamp="20220622 17:00:36.883" level="INFO">No keyword will be run on failure.</msg>
<msg timestamp="20220622 17:00:36.883" level="INFO">No keyword will be run on failure.</msg>
<msg timestamp="20220622 17:00:36.883" level="INFO">No keyword will be run on failure.</msg>
<msg timestamp="20220622 17:00:36.884" level="INFO">No keyword will be run on failure.</msg>
<msg timestamp="20220622 17:00:36.884" level="INFO">No keyword will be run on failure.</msg>
<msg timestamp="20220622 17:00:36.884" level="INFO">No keyword will be run on failure.</msg>
<msg timestamp="20220622 17:00:36.884" level="INFO">No keyword will be run on failure.</msg>
<msg timestamp="20220622 17:00:36.884" level="INFO">No keyword will be run on failure.</msg>
<msg timestamp="20220622 17:00:36.884" level="INFO">No keyword will be run on failure.</msg>
<msg timestamp="20220622 17:00:36.884" level="INFO">No keyword will be run on failure.</msg>
<msg timestamp="20220622 17:00:36.884" level="INFO">No keyword will be run on failure.</msg>
<msg timestamp="20220622 17:00:36.884" level="INFO">No keyword will be run on failure.</msg>
<msg timestamp="20220622 17:00:36.884" level="INFO">No keyword will be run on failure.</msg>
<msg timestamp="20220622 17:00:36.884" level="INFO">No keyword will be run on failure.</msg>
<msg timestamp="20220622 17:00:36.885" level="INFO">No keyword will be run on failure.</msg>
<msg timestamp="20220622 17:00:36.885" level="INFO">No keyword will be run on failure.</msg>
<msg timestamp="20220622 17:00:36.885" level="INFO">No keyword will be run on failure.</msg>
<msg timestamp="20220622 17:00:36.885" level="INFO">No keyword will be run on failure.</msg>
<msg timestamp="20220622 17:00:36.885" level="INFO">No keyword will be run on failure.</msg>
<msg timestamp="20220622 17:00:36.885" level="INFO">No keyword will be run on failure.</msg>
<msg timestamp="20220622 17:00:36.885" level="INFO">No keyword will be run on failure.</msg>
<msg timestamp="20220622 17:00:36.885" level="INFO">No keyword will be run on failure.</msg>
<msg timestamp="20220622 17:00:36.885" level="INFO">No keyword will be run on failure.</msg>
<msg timestamp="20220622 17:00:36.885" level="INFO">No keyword will be run on failure.</msg>
<msg timestamp="20220622 17:00:36.885" level="INFO">No keyword will be run on failure.</msg>
<msg timestamp="20220622 17:00:36.886" level="INFO">No keyword will be run on failure.</msg>
<msg timestamp="20220622 17:00:36.886" level="INFO">No keyword will be run on failure.</msg>
<msg timestamp="20220622 17:00:36.886" level="INFO">No keyword will be run on failure.</msg>
<msg timestamp="20220622 17:00:36.886" level="INFO">No keyword will be run on failure.</msg>
<msg timestamp="20220622 17:00:36.886" level="INFO">No keyword will be run on failure.</msg>
<msg timestamp="20220622 17:00:36.886" level="INFO">No keyword will be run on failure.</msg>
<msg timestamp="20220622 17:00:36.886" level="INFO">No keyword will be run on failure.</msg>
<msg timestamp="20220622 17:00:36.886" level="INFO">No keyword will be run on failure.</msg>
<msg timestamp="20220622 17:00:36.886" level="INFO">No keyword will be run on failure.</msg>
<msg timestamp="20220622 17:00:36.886" level="INFO">No keyword will be run on failure.</msg>
<msg timestamp="20220622 17:00:36.886" level="INFO">No keyword will be run on failure.</msg>
<msg timestamp="20220622 17:00:36.886" level="INFO">No keyword will be run on failure.</msg>
<msg timestamp="20220622 17:00:36.886" level="INFO">No keyword will be run on failure.</msg>
<msg timestamp="20220622 17:00:36.886" level="INFO">No keyword will be run on failure.</msg>
<msg timestamp="20220622 17:00:36.887" level="INFO">No keyword will be run on failure.</msg>
<msg timestamp="20220622 17:00:36.887" level="INFO">No keyword will be run on failure.</msg>
<msg timestamp="20220622 17:00:36.887" level="INFO">No keyword will be run on failure.</msg>
<msg timestamp="20220622 17:00:36.887" level="INFO">No keyword will be run on failure.</msg>
<msg timestamp="20220622 17:00:36.887" level="INFO">No keyword will be run on failure.</msg>
<msg timestamp="20220622 17:00:36.887" level="INFO">No keyword will be run on failure.</msg>
<msg timestamp="20220622 17:00:36.887" level="INFO">No keyword will be run on failure.</msg>
<msg timestamp="20220622 17:00:36.887" level="INFO">No keyword will be run on failure.</msg>
<msg timestamp="20220622 17:00:36.887" level="INFO">No keyword will be run on failure.</msg>
<msg timestamp="20220622 17:00:36.887" level="INFO">No keyword will be run on failure.</msg>
<msg timestamp="20220622 17:00:36.887" level="INFO">No keyword will be run on failure.</msg>
<msg timestamp="20220622 17:00:36.887" level="INFO">No keyword will be run on failure.</msg>
<msg timestamp="20220622 17:00:36.887" level="INFO">No keyword will be run on failure.</msg>
<msg timestamp="20220622 17:00:36.887" level="INFO">No keyword will be run on failure.</msg>
<msg timestamp="20220622 17:00:36.887" level="INFO">No keyword will be run on failure.</msg>
<msg timestamp="20220622 17:00:36.887" level="INFO">No keyword will be run on failure.</msg>
<msg timestamp="20220622 17:00:36.887" level="INFO">No keyword will be run on failure.</msg>
<msg timestamp="20220622 17:00:36.887" level="INFO">No keyword will be run on failure.</msg>
<msg timestamp="20220622 17:00:36.887" level="INFO">No keyword will be run on failure.</msg>
<msg timestamp="20220622 17:00:36.887" level="INFO">No keyword will be run on failure.</msg>
<msg timestamp="20220622 17:00:36.887" level="INFO">No keyword will be run on failure.</msg>
<msg timestamp="20220622 17:00:36.888" level="INFO">No keyword will be run on failure.</msg>
<msg timestamp="20220622 17:00:36.888" level="INFO">No keyword will be run on failure.</msg>
<msg timestamp="20220622 17:00:36.888" level="INFO">No keyword will be run on failure.</msg>
<msg timestamp="20220622 17:00:36.888" level="INFO">No keyword will be run on failure.</msg>
<msg timestamp="20220622 17:00:36.888" level="INFO">No keyword will be run on failure.</msg>
<msg timestamp="20220622 17:00:36.890" level="INFO">Executing JavaScript:
window.scrollTo(0, 0)
Without any arguments.</msg>
<status status="PASS" starttime="20220622 17:00:36.882" endtime="20220622 17:00:37.014"/>
</kw>
<kw name="Sleep" library="BuiltIn">
<arg>500ms</arg>
<doc>Pauses the test executed for the given time.</doc>
<msg timestamp="20220622 17:00:37.520" level="INFO">Slept 500 milliseconds</msg>
<status status="PASS" starttime="20220622 17:00:37.015" endtime="20220622 17:00:37.520"/>
</kw>
<status status="PASS" starttime="20220622 17:00:29.908" endtime="20220622 17:00:37.521"/>
</kw>
<kw name="Store the tweets">
<kw name="Create Directory" library="RPA.FileSystem">
<arg>${TWEET_DIRECTORY}</arg>
<arg>parents=True</arg>
<doc>Creates a directory and (optionally) non-existing parent directories.</doc>
<status status="PASS" starttime="20220622 17:00:37.524" endtime="20220622 17:00:37.525"/>
</kw>
<kw name="Set Variable" library="BuiltIn">
<var>${index}</var>
<arg>1</arg>
<doc>Returns the given values which can then be assigned to a variables.</doc>
<msg timestamp="20220622 17:00:37.525" level="INFO">${index} = 1</msg>
<status status="PASS" starttime="20220622 17:00:37.525" endtime="20220622 17:00:37.525"/>
</kw>
<kw name="Get tweets">
<var>@{tweets}</var>
<kw name="Wait Until Element Is Visible" library="RPA.Browser.Selenium">
<arg>${TWEETS_LOCATOR}</arg>
<doc>Waits until the element ``locator`` is visible.</doc>
<status status="PASS" starttime="20220622 17:00:37.526" endtime="20220622 17:00:37.560"/>
</kw>
<kw name="Get WebElements" library="RPA.Browser.Selenium">
<var>@{all_tweets}</var>
<arg>${TWEETS_LOCATOR}</arg>
<doc>Returns a list of WebElement objects matching the ``locator``.</doc>
<msg timestamp="20220622 17:00:37.569" level="INFO">@{all_tweets} = [ &lt;selenium.webdriver.remote.webelement.WebElement (session="5c935cc48356b16d5f0ba88dbe22274c", element="5da6e683-e944-4651-b656-9225d7612fed")&gt; | &lt;selenium.webdriver.remote.webelement.WebElement (ses...</msg>
<status status="PASS" starttime="20220622 17:00:37.560" endtime="20220622 17:00:37.569"/>
</kw>
<kw name="Get Slice From List" library="Collections">
<var>@{tweets}</var>
<arg>${all_tweets}</arg>
<arg>0</arg>
<arg>${NUMBER_OF_TWEETS}</arg>
<doc>Returns a slice of the given list between ``start`` and ``end`` indexes.</doc>
<msg timestamp="20220622 17:00:37.571" level="INFO">@{tweets} = [ &lt;selenium.webdriver.remote.webelement.WebElement (session="5c935cc48356b16d5f0ba88dbe22274c", element="5da6e683-e944-4651-b656-9225d7612fed")&gt; | &lt;selenium.webdriver.remote.webelement.WebElement (ses...</msg>
<status status="PASS" starttime="20220622 17:00:37.570" endtime="20220622 17:00:37.572"/>
</kw>
<return>
<value>@{tweets}</value>
<status status="PASS" starttime="20220622 17:00:37.572" endtime="20220622 17:00:37.573"/>
</return>
<msg timestamp="20220622 17:00:37.579" level="INFO">@{tweets} = [ &lt;selenium.webdriver.remote.webelement.WebElement (session="5c935cc48356b16d5f0ba88dbe22274c", element="5da6e683-e944-4651-b656-9225d7612fed")&gt; | &lt;selenium.webdriver.remote.webelement.WebElement (ses...</msg>
<status status="PASS" starttime="20220622 17:00:37.526" endtime="20220622 17:00:37.580"/>
</kw>
<for flavor="IN">
<var>${tweet}</var>
<value>@{tweets}</value>
<iter>
<var name="${tweet}">&lt;selenium.webdriver.remote.webelement.WebElement (session="5c935cc48356b16d5f0ba88dbe22274c", element="5da6e683-e944-4651-b656-9225d7612fed")&gt;</var>
<kw name="Set Variable" library="BuiltIn">
<var>${screenshot_file}</var>
<arg>${TWEET_DIRECTORY}/tweet-${index}.png</arg>
<doc>Returns the given values which can then be assigned to a variables.</doc>
<msg timestamp="20220622 17:00:37.583" level="INFO">${screenshot_file} = c:\Python\robo_repo\web_scraping\output\tweets/RobocorpInc/tweet-1.png</msg>
<status status="PASS" starttime="20220622 17:00:37.582" endtime="20220622 17:00:37.584"/>
</kw>
<kw name="Set Variable" library="BuiltIn">
<var>${text_file}</var>
<arg>${TWEET_DIRECTORY}/tweet-${index}.txt</arg>
<doc>Returns the given values which can then be assigned to a variables.</doc>
<msg timestamp="20220622 17:00:37.586" level="INFO">${text_file} = c:\Python\robo_repo\web_scraping\output\tweets/RobocorpInc/tweet-1.txt</msg>
<status status="PASS" starttime="20220622 17:00:37.584" endtime="20220622 17:00:37.586"/>
</kw>
<kw name="Set Variable" library="BuiltIn">
<var>${text}</var>
<arg>${tweet.find_element_by_xpath(".//div[@lang='en']").text}</arg>
<doc>Returns the given values which can then be assigned to a variables.</doc>
<msg timestamp="20220622 17:00:37.638" level="INFO">${text} = NEW BOT TUTORIAL IN OUR PORTAL! Learn how to create a #bot to send SMS reminders with 
@twilio
 

Check it out below.</msg>
<status status="PASS" starttime="20220622 17:00:37.587" endtime="20220622 17:00:37.638"/>
</kw>
<kw name="Capture Element Screenshot" library="RPA.Browser.Selenium">
<arg>${tweet}</arg>
<arg>${screenshot_file}</arg>
<doc>Captures a screenshot from the element identified by ``locator`` and embeds it into log file.</doc>
<msg timestamp="20220622 17:00:37.810" level="INFO" html="true">&lt;/td&gt;&lt;/tr&gt;&lt;tr&gt;&lt;td colspan="3"&gt;&lt;a href="file:///C:/Python/robo_repo/web_scraping/output/tweets/RobocorpInc/tweet-1.png"&gt;&lt;img src="file:///C:/Python/robo_repo/web_scraping/output/tweets/RobocorpInc/tweet-1.png" width="400px"&gt;&lt;/a&gt;</msg>
<status status="PASS" starttime="20220622 17:00:37.639" endtime="20220622 17:00:37.811"/>
</kw>
<kw name="Create File" library="RPA.FileSystem">
<arg>${text_file}</arg>
<arg>${text}</arg>
<arg>overwrite=True</arg>
<doc>Creates a new text file, and writes content if any is given.</doc>
<status status="PASS" starttime="20220622 17:00:37.811" endtime="20220622 17:00:37.813"/>
</kw>
<kw name="Evaluate" library="BuiltIn">
<var>${index}</var>
<arg>${index} + 1</arg>
<doc>Evaluates the given expression in Python and returns the result.</doc>
<msg timestamp="20220622 17:00:37.815" level="INFO">${index} = 2</msg>
<status status="PASS" starttime="20220622 17:00:37.814" endtime="20220622 17:00:37.815"/>
</kw>
<status status="PASS" starttime="20220622 17:00:37.581" endtime="20220622 17:00:37.815"/>
</iter>
<iter>
<var name="${tweet}">&lt;selenium.webdriver.remote.webelement.WebElement (session="5c935cc48356b16d5f0ba88dbe22274c", element="36a7ac6c-da6c-47a8-bc95-5f39fe7f3d91")&gt;</var>
<kw name="Set Variable" library="BuiltIn">
<var>${screenshot_file}</var>
<arg>${TWEET_DIRECTORY}/tweet-${index}.png</arg>
<doc>Returns the given values which can then be assigned to a variables.</doc>
<msg timestamp="20220622 17:00:37.817" level="INFO">${screenshot_file} = c:\Python\robo_repo\web_scraping\output\tweets/RobocorpInc/tweet-2.png</msg>
<status status="PASS" starttime="20220622 17:00:37.817" endtime="20220622 17:00:37.818"/>
</kw>
<kw name="Set Variable" library="BuiltIn">
<var>${text_file}</var>
<arg>${TWEET_DIRECTORY}/tweet-${index}.txt</arg>
<doc>Returns the given values which can then be assigned to a variables.</doc>
<msg timestamp="20220622 17:00:37.819" level="INFO">${text_file} = c:\Python\robo_repo\web_scraping\output\tweets/RobocorpInc/tweet-2.txt</msg>
<status status="PASS" starttime="20220622 17:00:37.818" endtime="20220622 17:00:37.819"/>
</kw>
<kw name="Set Variable" library="BuiltIn">
<var>${text}</var>
<arg>${tweet.find_element_by_xpath(".//div[@lang='en']").text}</arg>
<doc>Returns the given values which can then be assigned to a variables.</doc>
<msg timestamp="20220622 17:00:37.882" level="INFO">${text} = </msg>
<status status="PASS" starttime="20220622 17:00:37.820" endtime="20220622 17:00:37.883"/>
</kw>
<kw name="Capture Element Screenshot" library="RPA.Browser.Selenium">
<arg>${tweet}</arg>
<arg>${screenshot_file}</arg>
<doc>Captures a screenshot from the element identified by ``locator`` and embeds it into log file.</doc>
<msg timestamp="20220622 17:00:38.239" level="INFO" html="true">&lt;/td&gt;&lt;/tr&gt;&lt;tr&gt;&lt;td colspan="3"&gt;&lt;a href="file:///C:/Python/robo_repo/web_scraping/output/tweets/RobocorpInc/tweet-2.png"&gt;&lt;img src="file:///C:/Python/robo_repo/web_scraping/output/tweets/RobocorpInc/tweet-2.png" width="400px"&gt;&lt;/a&gt;</msg>
<status status="PASS" starttime="20220622 17:00:37.883" endtime="20220622 17:00:38.240"/>
</kw>
<kw name="Create File" library="RPA.FileSystem">
<arg>${text_file}</arg>
<arg>${text}</arg>
<arg>overwrite=True</arg>
<doc>Creates a new text file, and writes content if any is given.</doc>
<status status="PASS" starttime="20220622 17:00:38.241" endtime="20220622 17:00:38.243"/>
</kw>
<kw name="Evaluate" library="BuiltIn">
<var>${index}</var>
<arg>${index} + 1</arg>
<doc>Evaluates the given expression in Python and returns the result.</doc>
<msg timestamp="20220622 17:00:38.245" level="INFO">${index} = 3</msg>
<status status="PASS" starttime="20220622 17:00:38.243" endtime="20220622 17:00:38.245"/>
</kw>
<status status="PASS" starttime="20220622 17:00:37.816" endtime="20220622 17:00:38.245"/>
</iter>
<iter>
<var name="${tweet}">&lt;selenium.webdriver.remote.webelement.WebElement (session="5c935cc48356b16d5f0ba88dbe22274c", element="1195464b-a6a0-42b7-8273-9847588ad58c")&gt;</var>
<kw name="Set Variable" library="BuiltIn">
<var>${screenshot_file}</var>
<arg>${TWEET_DIRECTORY}/tweet-${index}.png</arg>
<doc>Returns the given values which can then be assigned to a variables.</doc>
<msg timestamp="20220622 17:00:38.248" level="INFO">${screenshot_file} = c:\Python\robo_repo\web_scraping\output\tweets/RobocorpInc/tweet-3.png</msg>
<status status="PASS" starttime="20220622 17:00:38.247" endtime="20220622 17:00:38.249"/>
</kw>
<kw name="Set Variable" library="BuiltIn">
<var>${text_file}</var>
<arg>${TWEET_DIRECTORY}/tweet-${index}.txt</arg>
<doc>Returns the given values which can then be assigned to a variables.</doc>
<msg timestamp="20220622 17:00:38.251" level="INFO">${text_file} = c:\Python\robo_repo\web_scraping\output\tweets/RobocorpInc/tweet-3.txt</msg>
<status status="PASS" starttime="20220622 17:00:38.249" endtime="20220622 17:00:38.251"/>
</kw>
<kw name="Set Variable" library="BuiltIn">
<var>${text}</var>
<arg>${tweet.find_element_by_xpath(".//div[@lang='en']").text}</arg>
<doc>Returns the given values which can then be assigned to a variables.</doc>
<msg timestamp="20220622 17:00:38.494" level="INFO">${text} = </msg>
<status status="PASS" starttime="20220622 17:00:38.252" endtime="20220622 17:00:38.494"/>
</kw>
<kw name="Capture Element Screenshot" library="RPA.Browser.Selenium">
<arg>${tweet}</arg>
<arg>${screenshot_file}</arg>
<doc>Captures a screenshot from the element identified by ``locator`` and embeds it into log file.</doc>
<msg timestamp="20220622 17:00:38.700" level="INFO" html="true">&lt;/td&gt;&lt;/tr&gt;&lt;tr&gt;&lt;td colspan="3"&gt;&lt;a href="file:///C:/Python/robo_repo/web_scraping/output/tweets/RobocorpInc/tweet-3.png"&gt;&lt;img src="file:///C:/Python/robo_repo/web_scraping/output/tweets/RobocorpInc/tweet-3.png" width="400px"&gt;&lt;/a&gt;</msg>
<status status="PASS" starttime="20220622 17:00:38.495" endtime="20220622 17:00:38.700"/>
</kw>
<kw name="Create File" library="RPA.FileSystem">
<arg>${text_file}</arg>
<arg>${text}</arg>
<arg>overwrite=True</arg>
<doc>Creates a new text file, and writes content if any is given.</doc>
<status status="PASS" starttime="20220622 17:00:38.700" endtime="20220622 17:00:38.702"/>
</kw>
<kw name="Evaluate" library="BuiltIn">
<var>${index}</var>
<arg>${index} + 1</arg>
<doc>Evaluates the given expression in Python and returns the result.</doc>
<msg timestamp="20220622 17:00:38.704" level="INFO">${index} = 4</msg>
<status status="PASS" starttime="20220622 17:00:38.703" endtime="20220622 17:00:38.704"/>
</kw>
<status status="PASS" starttime="20220622 17:00:38.246" endtime="20220622 17:00:38.704"/>
</iter>
<status status="PASS" starttime="20220622 17:00:37.580" endtime="20220622 17:00:38.705"/>
</for>
<status status="PASS" starttime="20220622 17:00:37.521" endtime="20220622 17:00:38.706"/>
</kw>
<kw name="Close Browser" library="RPA.Browser.Selenium" type="TEARDOWN">
<doc>Closes the current browser.</doc>
<status status="PASS" starttime="20220622 17:00:38.716" endtime="20220622 17:00:42.477"/>
</kw>
<status status="PASS" starttime="20220622 17:00:25.655" endtime="20220622 17:00:42.478"/>
</test>
<doc>Opens the Twitter web page and stores some content.</doc>
<status status="PASS" starttime="20220622 17:00:24.664" endtime="20220622 17:00:42.479"/>
</suite>
<statistics>
<total>
<stat pass="1" fail="0" skip="0">All Tasks</stat>
</total>
<tag>
</tag>
<suite>
<stat pass="1" fail="0" skip="0" id="s1" name="Tasks">Tasks</stat>
</suite>
</statistics>
<errors>
</errors>
</robot>
